2020-04-27 23:24:54,509 INFO org.springframework.boot.StartupInfoLogger [restartedMain] Starting DSSApplication on Hawa with PID 9480 (F:\dss\dss-web\target\classes started by Mahamat in F:\dss\dss-web)
2020-04-27 23:24:54,526 INFO org.springframework.boot.SpringApplication [restartedMain] No active profile set, falling back to default profiles: default
2020-04-27 23:24:54,779 INFO org.springframework.boot.logging.DeferredLog [restartedMain] The Class-Path manifest attribute in F:\maven_repo\org\glassfish\jaxb\jaxb-runtime\2.3.2\jaxb-runtime-2.3.2.jar referenced one or more files that do not exist: file:/F:/maven_repo/org/glassfish/jaxb/jaxb-runtime/2.3.2/jakarta.xml.bind-api-2.3.2.jar,file:/F:/maven_repo/org/glassfish/jaxb/jaxb-runtime/2.3.2/txw2-2.3.2.jar,file:/F:/maven_repo/org/glassfish/jaxb/jaxb-runtime/2.3.2/istack-commons-runtime-3.0.8.jar,file:/F:/maven_repo/org/glassfish/jaxb/jaxb-runtime/2.3.2/stax-ex-1.8.1.jar,file:/F:/maven_repo/org/glassfish/jaxb/jaxb-runtime/2.3.2/FastInfoset-1.2.16.jar,file:/F:/maven_repo/org/glassfish/jaxb/jaxb-runtime/2.3.2/jakarta.activation-api-1.2.1.jar
2020-04-27 23:24:54,784 INFO org.springframework.boot.logging.DeferredLog [restartedMain] Devtools property defaults active! Set 'spring.devtools.add-properties' to 'false' to disable
2020-04-27 23:24:54,785 INFO org.springframework.boot.logging.DeferredLog [restartedMain] For additional web related logging consider setting the 'logging.level.web' property to 'DEBUG'
2020-04-27 23:25:00,170 INFO org.springframework.data.repository.config.RepositoryConfigurationDelegate [restartedMain] Bootstrapping Spring Data JPA repositories in DEFAULT mode.
2020-04-27 23:25:00,710 INFO org.springframework.data.repository.config.RepositoryConfigurationDelegate [restartedMain] Finished Spring Data repository scanning in 492ms. Found 11 JPA repository interfaces.
2020-04-27 23:25:02,742 INFO org.springframework.context.support.PostProcessorRegistrationDelegate$BeanPostProcessorChecker [restartedMain] Bean 'org.springframework.security.config.annotation.configuration.ObjectPostProcessorConfiguration' of type [org.springframework.security.config.annotation.configuration.ObjectPostProcessorConfiguration] is not eligible for getting processed by all BeanPostProcessors (for example: not eligible for auto-proxying)
2020-04-27 23:25:02,756 INFO org.springframework.context.support.PostProcessorRegistrationDelegate$BeanPostProcessorChecker [restartedMain] Bean 'objectPostProcessor' of type [org.springframework.security.config.annotation.configuration.AutowireBeanFactoryObjectPostProcessor] is not eligible for getting processed by all BeanPostProcessors (for example: not eligible for auto-proxying)
2020-04-27 23:25:02,767 INFO org.springframework.context.support.PostProcessorRegistrationDelegate$BeanPostProcessorChecker [restartedMain] Bean 'org.springframework.security.access.expression.method.DefaultMethodSecurityExpressionHandler@51d4badd' of type [org.springframework.security.access.expression.method.DefaultMethodSecurityExpressionHandler] is not eligible for getting processed by all BeanPostProcessors (for example: not eligible for auto-proxying)
2020-04-27 23:25:02,782 INFO org.springframework.context.support.PostProcessorRegistrationDelegate$BeanPostProcessorChecker [restartedMain] Bean 'org.springframework.security.config.annotation.method.configuration.GlobalMethodSecurityConfiguration' of type [org.springframework.security.config.annotation.method.configuration.GlobalMethodSecurityConfiguration] is not eligible for getting processed by all BeanPostProcessors (for example: not eligible for auto-proxying)
2020-04-27 23:25:02,801 INFO org.springframework.context.support.PostProcessorRegistrationDelegate$BeanPostProcessorChecker [restartedMain] Bean 'methodSecurityMetadataSource' of type [org.springframework.security.access.method.DelegatingMethodSecurityMetadataSource] is not eligible for getting processed by all BeanPostProcessors (for example: not eligible for auto-proxying)
2020-04-27 23:25:05,369 INFO org.springframework.boot.web.embedded.tomcat.TomcatWebServer [restartedMain] Tomcat initialized with port(s): 8080 (http)
2020-04-27 23:25:05,410 INFO org.apache.juli.logging.DirectJDKLog [restartedMain] Initializing ProtocolHandler ["http-nio-8080"]
2020-04-27 23:25:05,413 INFO org.apache.juli.logging.DirectJDKLog [restartedMain] Starting service [Tomcat]
2020-04-27 23:25:05,414 INFO org.apache.juli.logging.DirectJDKLog [restartedMain] Starting Servlet engine: [Apache Tomcat/9.0.31]
2020-04-27 23:25:05,820 INFO org.apache.juli.logging.DirectJDKLog [restartedMain] Initializing Spring embedded WebApplicationContext
2020-04-27 23:25:05,822 INFO org.springframework.boot.web.servlet.context.ServletWebServerApplicationContext [restartedMain] Root WebApplicationContext: initialization completed in 11035 ms
2020-04-27 23:25:07,540 INFO org.hibernate.jpa.internal.util.LogHelper [restartedMain] HHH000204: Processing PersistenceUnitInfo [name: default]
2020-04-27 23:25:07,781 INFO org.hibernate.Version [restartedMain] HHH000412: Hibernate ORM core version 5.4.12.Final
2020-04-27 23:25:08,454 INFO org.hibernate.annotations.common.reflection.java.JavaReflectionManager [restartedMain] HCANN000001: Hibernate Commons Annotations {5.1.0.Final}
2020-04-27 23:25:09,063 INFO com.zaxxer.hikari.HikariDataSource [restartedMain] HikariPool-1 - Starting...
2020-04-27 23:25:09,748 INFO com.zaxxer.hikari.HikariDataSource [restartedMain] HikariPool-1 - Start completed.
2020-04-27 23:25:09,823 INFO org.hibernate.dialect.Dialect [restartedMain] HHH000400: Using dialect: org.hibernate.dialect.MySQL5InnoDBDialect
2020-04-27 23:25:15,695 INFO org.hibernate.engine.transaction.jta.platform.internal.JtaPlatformInitiator [restartedMain] HHH000490: Using JtaPlatform implementation: [org.hibernate.engine.transaction.jta.platform.internal.NoJtaPlatform]
2020-04-27 23:25:15,725 INFO org.springframework.orm.jpa.AbstractEntityManagerFactoryBean [restartedMain] Initialized JPA EntityManagerFactory for persistence unit 'default'
2020-04-27 23:25:17,809 INFO org.springframework.boot.devtools.autoconfigure.OptionalLiveReloadServer [restartedMain] LiveReload server is running on port 35729
2020-04-27 23:25:18,701 WARN org.springframework.boot.autoconfigure.orm.jpa.JpaBaseConfiguration$JpaWebConfiguration [restartedMain] spring.jpa.open-in-view is enabled by default. Therefore, database queries may be performed during view rendering. Explicitly configure spring.jpa.open-in-view to disable this warning
2020-04-27 23:25:21,513 INFO org.springframework.boot.actuate.endpoint.web.EndpointLinksResolver [restartedMain] Exposing 2 endpoint(s) beneath base path '/actuator'
2020-04-27 23:25:21,912 INFO springfox.documentation.spring.web.PropertySourcedRequestMappingHandlerMapping [restartedMain] Mapped URL path [/v2/api-docs] onto method [springfox.documentation.swagger2.web.Swagger2Controller#getDocumentation(String, HttpServletRequest)]
2020-04-27 23:25:22,674 INFO org.springframework.security.web.DefaultSecurityFilterChain [restartedMain] Creating filter chain: any request, [org.springframework.security.web.context.request.async.WebAsyncManagerIntegrationFilter@79188cc1, org.springframework.security.web.context.SecurityContextPersistenceFilter@3a341565, org.springframework.security.web.header.HeaderWriterFilter@7def7767, org.springframework.security.web.authentication.logout.LogoutFilter@66116c3a, com.bytmasoft.um.security.JwtRequestFilter@42435fec, org.springframework.security.web.savedrequest.RequestCacheAwareFilter@59d8920e, org.springframework.security.web.servletapi.SecurityContextHolderAwareRequestFilter@38b1dfb, org.springframework.security.web.authentication.AnonymousAuthenticationFilter@58148c2b, org.springframework.security.web.session.SessionManagementFilter@a8a38b4, org.springframework.security.web.access.ExceptionTranslationFilter@3c16dfcc, org.springframework.security.web.access.intercept.FilterSecurityInterceptor@318ea34d]
2020-04-27 23:25:23,176 INFO org.springframework.scheduling.concurrent.ExecutorConfigurationSupport [restartedMain] Initializing ExecutorService 'applicationTaskExecutor'
2020-04-27 23:25:23,917 INFO springfox.documentation.spring.web.plugins.DocumentationPluginsBootstrapper [restartedMain] Context refreshed
2020-04-27 23:25:23,983 INFO springfox.documentation.spring.web.plugins.DocumentationPluginsBootstrapper [restartedMain] Found 1 custom documentation plugin(s)
2020-04-27 23:25:24,123 INFO springfox.documentation.spring.web.scanners.ApiListingReferenceScanner [restartedMain] Scanning for api listing references
2020-04-27 23:25:24,264 INFO org.apache.juli.logging.DirectJDKLog [restartedMain] Starting ProtocolHandler ["http-nio-8080"]
2020-04-27 23:25:24,385 INFO org.springframework.boot.web.embedded.tomcat.TomcatWebServer [restartedMain] Tomcat started on port(s): 8080 (http) with context path '/um/api/v1'
2020-04-27 23:25:24,394 INFO org.springframework.boot.StartupInfoLogger [restartedMain] Started DSSApplication in 31.946 seconds (JVM running for 34.163)
2020-04-27 23:36:36,098 INFO org.apache.juli.logging.DirectJDKLog [http-nio-8080-exec-2] Initializing Spring DispatcherServlet 'dispatcherServlet'
2020-04-27 23:36:36,102 INFO org.springframework.web.servlet.FrameworkServlet [http-nio-8080-exec-2] Initializing Servlet 'dispatcherServlet'
2020-04-27 23:36:36,142 INFO org.springframework.web.servlet.FrameworkServlet [http-nio-8080-exec-2] Completed initialization in 38 ms
2020-04-27 23:36:36,234 INFO com.bytmasoft.um.security.JwtRequestFilter [http-nio-8080-exec-2] 
requestTokenHeader : null
2020-04-27 23:36:36,237 WARN com.bytmasoft.um.security.JwtRequestFilter [http-nio-8080-exec-2] JWT Token does not begin with Bearer String
2020-04-27 23:36:37,249 TRACE org.hibernate.type.descriptor.sql.BasicBinder [http-nio-8080-exec-2] binding parameter [1] as [VARCHAR] - [tasnim@web.de]
2020-04-27 23:36:37,253 TRACE org.hibernate.type.descriptor.sql.BasicBinder [http-nio-8080-exec-2] binding parameter [2] as [VARCHAR] - [tasnim@web.de]
2020-04-27 23:36:37,275 TRACE org.hibernate.type.descriptor.sql.BasicExtractor [http-nio-8080-exec-2] extracted value ([id1_16_] : [BIGINT]) - [2]
2020-04-27 23:36:37,312 TRACE org.hibernate.type.descriptor.sql.BasicExtractor [http-nio-8080-exec-2] extracted value ([created_2_16_] : [TIMESTAMP]) - [2020-04-25T20:01:36]
2020-04-27 23:36:37,319 TRACE org.hibernate.type.descriptor.sql.BasicExtractor [http-nio-8080-exec-2] extracted value ([deletest3_16_] : [BOOLEAN]) - [false]
2020-04-27 23:36:37,323 TRACE org.hibernate.type.descriptor.sql.BasicExtractor [http-nio-8080-exec-2] extracted value ([inserted4_16_] : [VARCHAR]) - [null]
2020-04-27 23:36:37,327 TRACE org.hibernate.type.descriptor.sql.BasicExtractor [http-nio-8080-exec-2] extracted value ([inserted5_16_] : [VARCHAR]) - [usermanagement]
2020-04-27 23:36:37,331 TRACE org.hibernate.type.descriptor.sql.BasicExtractor [http-nio-8080-exec-2] extracted value ([status6_16_] : [VARCHAR]) - [A]
2020-04-27 23:36:37,334 TRACE org.hibernate.type.descriptor.sql.BasicExtractor [http-nio-8080-exec-2] extracted value ([updated_7_16_] : [VARCHAR]) - [null]
2020-04-27 23:36:37,338 TRACE org.hibernate.type.descriptor.sql.BasicExtractor [http-nio-8080-exec-2] extracted value ([updated_8_16_] : [TIMESTAMP]) - [null]
2020-04-27 23:36:37,341 TRACE org.hibernate.type.descriptor.sql.BasicExtractor [http-nio-8080-exec-2] extracted value ([updated_9_16_] : [VARCHAR]) - [null]
2020-04-27 23:36:37,346 TRACE org.hibernate.type.descriptor.sql.BasicExtractor [http-nio-8080-exec-2] extracted value ([birthda10_16_] : [DATE]) - [null]
2020-04-27 23:36:37,349 TRACE org.hibernate.type.descriptor.sql.BasicExtractor [http-nio-8080-exec-2] extracted value ([email11_16_] : [VARCHAR]) - [tasnim@web.de]
2020-04-27 23:36:37,352 TRACE org.hibernate.type.descriptor.sql.BasicExtractor [http-nio-8080-exec-2] extracted value ([first_n12_16_] : [VARCHAR]) - [Tasnim]
2020-04-27 23:36:37,357 TRACE org.hibernate.type.descriptor.sql.BasicExtractor [http-nio-8080-exec-2] extracted value ([foto13_16_] : [BLOB]) - [null]
2020-04-27 23:36:37,363 TRACE org.hibernate.type.descriptor.sql.BasicExtractor [http-nio-8080-exec-2] extracted value ([gender14_16_] : [VARCHAR]) - [Mrs]
2020-04-27 23:36:37,367 TRACE org.hibernate.type.descriptor.sql.BasicExtractor [http-nio-8080-exec-2] extracted value ([last_lo15_16_] : [TIMESTAMP]) - [null]
2020-04-27 23:36:37,371 TRACE org.hibernate.type.descriptor.sql.BasicExtractor [http-nio-8080-exec-2] extracted value ([last_na16_16_] : [VARCHAR]) - [Abakar]
2020-04-27 23:36:37,378 TRACE org.hibernate.type.descriptor.sql.BasicExtractor [http-nio-8080-exec-2] extracted value ([middel_17_16_] : [VARCHAR]) - [Mahdi]
2020-04-27 23:36:37,382 TRACE org.hibernate.type.descriptor.sql.BasicExtractor [http-nio-8080-exec-2] extracted value ([passwor18_16_] : [VARCHAR]) - [$2a$10$Prvl5JnXxdZUkCijCnlu2Or2iZYEDsdLL8.zH3QMJbMsBwq6g7pqu]
2020-04-27 23:36:37,386 TRACE org.hibernate.type.descriptor.sql.BasicExtractor [http-nio-8080-exec-2] extracted value ([type19_16_] : [VARCHAR]) - [HUMAN]
2020-04-27 23:36:37,391 TRACE org.hibernate.type.descriptor.sql.BasicExtractor [http-nio-8080-exec-2] extracted value ([usernam20_16_] : [VARCHAR]) - [ABAKAT25]
2020-04-27 23:36:37,395 TRACE org.hibernate.type.descriptor.sql.BasicExtractor [http-nio-8080-exec-2] extracted value ([school_21_16_] : [BIGINT]) - [null]
2020-04-27 23:36:37,851 TRACE org.hibernate.type.descriptor.sql.BasicBinder [http-nio-8080-exec-2] binding parameter [1] as [VARCHAR] - [tasnim@web.de]
2020-04-27 23:36:37,853 TRACE org.hibernate.type.descriptor.sql.BasicBinder [http-nio-8080-exec-2] binding parameter [2] as [VARCHAR] - [tasnim@web.de]
2020-04-27 23:36:37,858 TRACE org.hibernate.type.descriptor.sql.BasicExtractor [http-nio-8080-exec-2] extracted value ([id1_16_] : [BIGINT]) - [2]
2020-04-27 23:36:46,240 INFO com.bytmasoft.um.security.JwtRequestFilter [http-nio-8080-exec-3] 
requestTokenHeader : Bearer eyJlbmMiOiJBMTI4Q0JDLUhTMjU2IiwiYWxnIjoiZGlyIn0..qKQDC5A0zxdz30h75xnj2A.S8C2Nsta5Pa0ZJVJXrcTnGR37aNaICrXymx2H2cCWDJp361qbvmS5n2ARYvRqo5sgp6wUy3QOIKxhNenIBYitnKFOGtmqtVbEXL4TkIoUUb8Pk0IVohRU9S2x4kU9obUuym_B9lLj7quk3oKajBGbk1X9tRWubL6fchBQAhyTFs.WAmDbakPsWk-e5LiTsqAOA
2020-04-27 23:36:46,243 INFO com.bytmasoft.um.security.JwtRequestFilter [http-nio-8080-exec-3] 
Token : eyJlbmMiOiJBMTI4Q0JDLUhTMjU2IiwiYWxnIjoiZGlyIn0..qKQDC5A0zxdz30h75xnj2A.S8C2Nsta5Pa0ZJVJXrcTnGR37aNaICrXymx2H2cCWDJp361qbvmS5n2ARYvRqo5sgp6wUy3QOIKxhNenIBYitnKFOGtmqtVbEXL4TkIoUUb8Pk0IVohRU9S2x4kU9obUuym_B9lLj7quk3oKajBGbk1X9tRWubL6fchBQAhyTFs.WAmDbakPsWk-e5LiTsqAOA
2020-04-27 23:36:46,522 TRACE org.hibernate.type.descriptor.sql.BasicBinder [http-nio-8080-exec-3] binding parameter [1] as [VARCHAR] - [ABAKAT25]
2020-04-27 23:36:46,525 TRACE org.hibernate.type.descriptor.sql.BasicBinder [http-nio-8080-exec-3] binding parameter [2] as [VARCHAR] - [ABAKAT25]
2020-04-27 23:36:46,531 TRACE org.hibernate.type.descriptor.sql.BasicExtractor [http-nio-8080-exec-3] extracted value ([id1_16_] : [BIGINT]) - [2]
2020-04-27 23:36:46,535 TRACE org.hibernate.type.descriptor.sql.BasicExtractor [http-nio-8080-exec-3] extracted value ([created_2_16_] : [TIMESTAMP]) - [2020-04-25T20:01:36]
2020-04-27 23:36:46,537 TRACE org.hibernate.type.descriptor.sql.BasicExtractor [http-nio-8080-exec-3] extracted value ([deletest3_16_] : [BOOLEAN]) - [false]
2020-04-27 23:36:46,539 TRACE org.hibernate.type.descriptor.sql.BasicExtractor [http-nio-8080-exec-3] extracted value ([inserted4_16_] : [VARCHAR]) - [null]
2020-04-27 23:36:46,541 TRACE org.hibernate.type.descriptor.sql.BasicExtractor [http-nio-8080-exec-3] extracted value ([inserted5_16_] : [VARCHAR]) - [usermanagement]
2020-04-27 23:36:46,543 TRACE org.hibernate.type.descriptor.sql.BasicExtractor [http-nio-8080-exec-3] extracted value ([status6_16_] : [VARCHAR]) - [A]
2020-04-27 23:36:46,547 TRACE org.hibernate.type.descriptor.sql.BasicExtractor [http-nio-8080-exec-3] extracted value ([updated_7_16_] : [VARCHAR]) - [null]
2020-04-27 23:36:46,550 TRACE org.hibernate.type.descriptor.sql.BasicExtractor [http-nio-8080-exec-3] extracted value ([updated_8_16_] : [TIMESTAMP]) - [null]
2020-04-27 23:36:46,553 TRACE org.hibernate.type.descriptor.sql.BasicExtractor [http-nio-8080-exec-3] extracted value ([updated_9_16_] : [VARCHAR]) - [null]
2020-04-27 23:36:46,554 TRACE org.hibernate.type.descriptor.sql.BasicExtractor [http-nio-8080-exec-3] extracted value ([birthda10_16_] : [DATE]) - [null]
2020-04-27 23:36:46,557 TRACE org.hibernate.type.descriptor.sql.BasicExtractor [http-nio-8080-exec-3] extracted value ([email11_16_] : [VARCHAR]) - [tasnim@web.de]
2020-04-27 23:36:46,559 TRACE org.hibernate.type.descriptor.sql.BasicExtractor [http-nio-8080-exec-3] extracted value ([first_n12_16_] : [VARCHAR]) - [Tasnim]
2020-04-27 23:36:46,561 TRACE org.hibernate.type.descriptor.sql.BasicExtractor [http-nio-8080-exec-3] extracted value ([foto13_16_] : [BLOB]) - [null]
2020-04-27 23:36:46,563 TRACE org.hibernate.type.descriptor.sql.BasicExtractor [http-nio-8080-exec-3] extracted value ([gender14_16_] : [VARCHAR]) - [Mrs]
2020-04-27 23:36:46,567 TRACE org.hibernate.type.descriptor.sql.BasicExtractor [http-nio-8080-exec-3] extracted value ([last_lo15_16_] : [TIMESTAMP]) - [null]
2020-04-27 23:36:46,571 TRACE org.hibernate.type.descriptor.sql.BasicExtractor [http-nio-8080-exec-3] extracted value ([last_na16_16_] : [VARCHAR]) - [Abakar]
2020-04-27 23:36:46,574 TRACE org.hibernate.type.descriptor.sql.BasicExtractor [http-nio-8080-exec-3] extracted value ([middel_17_16_] : [VARCHAR]) - [Mahdi]
2020-04-27 23:36:46,580 TRACE org.hibernate.type.descriptor.sql.BasicExtractor [http-nio-8080-exec-3] extracted value ([passwor18_16_] : [VARCHAR]) - [$2a$10$Prvl5JnXxdZUkCijCnlu2Or2iZYEDsdLL8.zH3QMJbMsBwq6g7pqu]
2020-04-27 23:36:46,583 TRACE org.hibernate.type.descriptor.sql.BasicExtractor [http-nio-8080-exec-3] extracted value ([type19_16_] : [VARCHAR]) - [HUMAN]
2020-04-27 23:36:46,586 TRACE org.hibernate.type.descriptor.sql.BasicExtractor [http-nio-8080-exec-3] extracted value ([usernam20_16_] : [VARCHAR]) - [ABAKAT25]
2020-04-27 23:36:46,589 TRACE org.hibernate.type.descriptor.sql.BasicExtractor [http-nio-8080-exec-3] extracted value ([school_21_16_] : [BIGINT]) - [null]
2020-04-27 23:53:58,801 INFO org.springframework.scheduling.concurrent.ExecutorConfigurationSupport [Thread-4] Shutting down ExecutorService 'applicationTaskExecutor'
2020-04-27 23:53:58,836 INFO org.springframework.orm.jpa.AbstractEntityManagerFactoryBean [Thread-4] Closing JPA EntityManagerFactory for persistence unit 'default'
2020-04-27 23:53:58,869 INFO com.zaxxer.hikari.HikariDataSource [Thread-4] HikariPool-1 - Shutdown initiated...
2020-04-27 23:53:58,930 INFO com.zaxxer.hikari.HikariDataSource [Thread-4] HikariPool-1 - Shutdown completed.
2020-04-27 23:54:00,423 INFO org.springframework.boot.StartupInfoLogger [restartedMain] Starting DSSApplication on Hawa with PID 9480 (F:\dss\dss-web\target\classes started by Mahamat in F:\dss\dss-web)
2020-04-27 23:54:00,425 INFO org.springframework.boot.SpringApplication [restartedMain] No active profile set, falling back to default profiles: default
2020-04-27 23:54:02,662 INFO org.springframework.data.repository.config.RepositoryConfigurationDelegate [restartedMain] Bootstrapping Spring Data JPA repositories in DEFAULT mode.
2020-04-27 23:54:02,881 INFO org.springframework.data.repository.config.RepositoryConfigurationDelegate [restartedMain] Finished Spring Data repository scanning in 216ms. Found 11 JPA repository interfaces.
2020-04-27 23:54:03,234 INFO org.springframework.context.support.PostProcessorRegistrationDelegate$BeanPostProcessorChecker [restartedMain] Bean 'org.springframework.security.config.annotation.configuration.ObjectPostProcessorConfiguration' of type [org.springframework.security.config.annotation.configuration.ObjectPostProcessorConfiguration] is not eligible for getting processed by all BeanPostProcessors (for example: not eligible for auto-proxying)
2020-04-27 23:54:03,240 INFO org.springframework.context.support.PostProcessorRegistrationDelegate$BeanPostProcessorChecker [restartedMain] Bean 'objectPostProcessor' of type [org.springframework.security.config.annotation.configuration.AutowireBeanFactoryObjectPostProcessor] is not eligible for getting processed by all BeanPostProcessors (for example: not eligible for auto-proxying)
2020-04-27 23:54:03,243 INFO org.springframework.context.support.PostProcessorRegistrationDelegate$BeanPostProcessorChecker [restartedMain] Bean 'org.springframework.security.access.expression.method.DefaultMethodSecurityExpressionHandler@532b5363' of type [org.springframework.security.access.expression.method.DefaultMethodSecurityExpressionHandler] is not eligible for getting processed by all BeanPostProcessors (for example: not eligible for auto-proxying)
2020-04-27 23:54:03,250 INFO org.springframework.context.support.PostProcessorRegistrationDelegate$BeanPostProcessorChecker [restartedMain] Bean 'org.springframework.security.config.annotation.method.configuration.GlobalMethodSecurityConfiguration' of type [org.springframework.security.config.annotation.method.configuration.GlobalMethodSecurityConfiguration] is not eligible for getting processed by all BeanPostProcessors (for example: not eligible for auto-proxying)
2020-04-27 23:54:03,253 INFO org.springframework.context.support.PostProcessorRegistrationDelegate$BeanPostProcessorChecker [restartedMain] Bean 'methodSecurityMetadataSource' of type [org.springframework.security.access.method.DelegatingMethodSecurityMetadataSource] is not eligible for getting processed by all BeanPostProcessors (for example: not eligible for auto-proxying)
2020-04-27 23:54:03,499 INFO org.springframework.boot.web.embedded.tomcat.TomcatWebServer [restartedMain] Tomcat initialized with port(s): 8080 (http)
2020-04-27 23:54:03,502 INFO org.apache.juli.logging.DirectJDKLog [restartedMain] Initializing ProtocolHandler ["http-nio-8080"]
2020-04-27 23:54:03,503 INFO org.apache.juli.logging.DirectJDKLog [restartedMain] Starting service [Tomcat]
2020-04-27 23:54:03,504 INFO org.apache.juli.logging.DirectJDKLog [restartedMain] Starting Servlet engine: [Apache Tomcat/9.0.31]
2020-04-27 23:54:03,584 INFO org.apache.juli.logging.DirectJDKLog [restartedMain] Initializing Spring embedded WebApplicationContext
2020-04-27 23:54:03,585 INFO org.springframework.boot.web.servlet.context.ServletWebServerApplicationContext [restartedMain] Root WebApplicationContext: initialization completed in 3144 ms
2020-04-27 23:54:04,044 INFO org.hibernate.jpa.internal.util.LogHelper [restartedMain] HHH000204: Processing PersistenceUnitInfo [name: default]
2020-04-27 23:54:04,074 INFO com.zaxxer.hikari.HikariDataSource [restartedMain] HikariPool-2 - Starting...
2020-04-27 23:54:04,091 INFO com.zaxxer.hikari.HikariDataSource [restartedMain] HikariPool-2 - Start completed.
2020-04-27 23:54:04,094 INFO org.hibernate.dialect.Dialect [restartedMain] HHH000400: Using dialect: org.hibernate.dialect.MySQL5InnoDBDialect
2020-04-27 23:54:05,940 INFO org.hibernate.engine.transaction.jta.platform.internal.JtaPlatformInitiator [restartedMain] HHH000490: Using JtaPlatform implementation: [org.hibernate.engine.transaction.jta.platform.internal.NoJtaPlatform]
2020-04-27 23:54:05,942 INFO org.springframework.orm.jpa.AbstractEntityManagerFactoryBean [restartedMain] Initialized JPA EntityManagerFactory for persistence unit 'default'
2020-04-27 23:54:06,482 INFO org.springframework.boot.devtools.autoconfigure.OptionalLiveReloadServer [restartedMain] LiveReload server is running on port 35729
2020-04-27 23:54:06,751 WARN org.springframework.boot.autoconfigure.orm.jpa.JpaBaseConfiguration$JpaWebConfiguration [restartedMain] spring.jpa.open-in-view is enabled by default. Therefore, database queries may be performed during view rendering. Explicitly configure spring.jpa.open-in-view to disable this warning
2020-04-27 23:54:08,183 INFO org.springframework.boot.actuate.endpoint.web.EndpointLinksResolver [restartedMain] Exposing 2 endpoint(s) beneath base path '/actuator'
2020-04-27 23:54:08,303 INFO springfox.documentation.spring.web.PropertySourcedRequestMappingHandlerMapping [restartedMain] Mapped URL path [/v2/api-docs] onto method [springfox.documentation.swagger2.web.Swagger2Controller#getDocumentation(String, HttpServletRequest)]
2020-04-27 23:54:08,402 INFO org.springframework.security.web.DefaultSecurityFilterChain [restartedMain] Creating filter chain: any request, [org.springframework.security.web.context.request.async.WebAsyncManagerIntegrationFilter@4c6721ca, org.springframework.security.web.context.SecurityContextPersistenceFilter@767e6da9, org.springframework.security.web.header.HeaderWriterFilter@604e812d, org.springframework.security.web.authentication.logout.LogoutFilter@232d46f2, com.bytmasoft.um.security.JwtRequestFilter@50bb8adf, org.springframework.security.web.savedrequest.RequestCacheAwareFilter@4d58d610, org.springframework.security.web.servletapi.SecurityContextHolderAwareRequestFilter@590b617f, org.springframework.security.web.authentication.AnonymousAuthenticationFilter@7a57a411, org.springframework.security.web.session.SessionManagementFilter@48c6e126, org.springframework.security.web.access.ExceptionTranslationFilter@455fd85e, org.springframework.security.web.access.intercept.FilterSecurityInterceptor@4a5931b0]
2020-04-27 23:54:08,659 INFO org.springframework.scheduling.concurrent.ExecutorConfigurationSupport [restartedMain] Initializing ExecutorService 'applicationTaskExecutor'
2020-04-27 23:54:08,994 INFO springfox.documentation.spring.web.plugins.DocumentationPluginsBootstrapper [restartedMain] Context refreshed
2020-04-27 23:54:08,997 INFO springfox.documentation.spring.web.plugins.DocumentationPluginsBootstrapper [restartedMain] Found 1 custom documentation plugin(s)
2020-04-27 23:54:09,028 INFO springfox.documentation.spring.web.scanners.ApiListingReferenceScanner [restartedMain] Scanning for api listing references
2020-04-27 23:54:09,054 INFO org.apache.juli.logging.DirectJDKLog [restartedMain] Starting ProtocolHandler ["http-nio-8080"]
2020-04-27 23:54:09,066 INFO org.springframework.boot.web.embedded.tomcat.TomcatWebServer [restartedMain] Tomcat started on port(s): 8080 (http) with context path '/um/api/v1'
2020-04-27 23:54:09,069 INFO org.springframework.boot.StartupInfoLogger [restartedMain] Started DSSApplication in 8.827 seconds (JVM running for 1758.838)
2020-04-27 23:54:09,077 INFO org.springframework.boot.devtools.autoconfigure.ConditionEvaluationDeltaLoggingListener [restartedMain] Condition evaluation unchanged
2020-04-27 23:58:29,809 INFO org.springframework.scheduling.concurrent.ExecutorConfigurationSupport [Thread-8] Shutting down ExecutorService 'applicationTaskExecutor'
2020-04-27 23:58:29,850 INFO org.springframework.orm.jpa.AbstractEntityManagerFactoryBean [Thread-8] Closing JPA EntityManagerFactory for persistence unit 'default'
2020-04-27 23:58:29,855 INFO com.zaxxer.hikari.HikariDataSource [Thread-8] HikariPool-2 - Shutdown initiated...
2020-04-27 23:58:29,885 INFO com.zaxxer.hikari.HikariDataSource [Thread-8] HikariPool-2 - Shutdown completed.
2020-04-27 23:58:31,354 INFO org.springframework.boot.StartupInfoLogger [restartedMain] Starting DSSApplication on Hawa with PID 9480 (F:\dss\dss-web\target\classes started by Mahamat in F:\dss\dss-web)
2020-04-27 23:58:31,356 INFO org.springframework.boot.SpringApplication [restartedMain] No active profile set, falling back to default profiles: default
2020-04-27 23:58:33,513 INFO org.springframework.data.repository.config.RepositoryConfigurationDelegate [restartedMain] Bootstrapping Spring Data JPA repositories in DEFAULT mode.
2020-04-27 23:58:33,701 INFO org.springframework.data.repository.config.RepositoryConfigurationDelegate [restartedMain] Finished Spring Data repository scanning in 187ms. Found 11 JPA repository interfaces.
2020-04-27 23:58:34,008 INFO org.springframework.context.support.PostProcessorRegistrationDelegate$BeanPostProcessorChecker [restartedMain] Bean 'org.springframework.security.config.annotation.configuration.ObjectPostProcessorConfiguration' of type [org.springframework.security.config.annotation.configuration.ObjectPostProcessorConfiguration] is not eligible for getting processed by all BeanPostProcessors (for example: not eligible for auto-proxying)
2020-04-27 23:58:34,014 INFO org.springframework.context.support.PostProcessorRegistrationDelegate$BeanPostProcessorChecker [restartedMain] Bean 'objectPostProcessor' of type [org.springframework.security.config.annotation.configuration.AutowireBeanFactoryObjectPostProcessor] is not eligible for getting processed by all BeanPostProcessors (for example: not eligible for auto-proxying)
2020-04-27 23:58:34,016 INFO org.springframework.context.support.PostProcessorRegistrationDelegate$BeanPostProcessorChecker [restartedMain] Bean 'org.springframework.security.access.expression.method.DefaultMethodSecurityExpressionHandler@4c3eb01e' of type [org.springframework.security.access.expression.method.DefaultMethodSecurityExpressionHandler] is not eligible for getting processed by all BeanPostProcessors (for example: not eligible for auto-proxying)
2020-04-27 23:58:34,022 INFO org.springframework.context.support.PostProcessorRegistrationDelegate$BeanPostProcessorChecker [restartedMain] Bean 'org.springframework.security.config.annotation.method.configuration.GlobalMethodSecurityConfiguration' of type [org.springframework.security.config.annotation.method.configuration.GlobalMethodSecurityConfiguration] is not eligible for getting processed by all BeanPostProcessors (for example: not eligible for auto-proxying)
2020-04-27 23:58:34,024 INFO org.springframework.context.support.PostProcessorRegistrationDelegate$BeanPostProcessorChecker [restartedMain] Bean 'methodSecurityMetadataSource' of type [org.springframework.security.access.method.DelegatingMethodSecurityMetadataSource] is not eligible for getting processed by all BeanPostProcessors (for example: not eligible for auto-proxying)
2020-04-27 23:58:34,243 INFO org.springframework.boot.web.embedded.tomcat.TomcatWebServer [restartedMain] Tomcat initialized with port(s): 8080 (http)
2020-04-27 23:58:34,247 INFO org.apache.juli.logging.DirectJDKLog [restartedMain] Initializing ProtocolHandler ["http-nio-8080"]
2020-04-27 23:58:34,248 INFO org.apache.juli.logging.DirectJDKLog [restartedMain] Starting service [Tomcat]
2020-04-27 23:58:34,250 INFO org.apache.juli.logging.DirectJDKLog [restartedMain] Starting Servlet engine: [Apache Tomcat/9.0.31]
2020-04-27 23:58:34,337 INFO org.apache.juli.logging.DirectJDKLog [restartedMain] Initializing Spring embedded WebApplicationContext
2020-04-27 23:58:34,339 INFO org.springframework.boot.web.servlet.context.ServletWebServerApplicationContext [restartedMain] Root WebApplicationContext: initialization completed in 2972 ms
2020-04-27 23:58:34,746 INFO org.hibernate.jpa.internal.util.LogHelper [restartedMain] HHH000204: Processing PersistenceUnitInfo [name: default]
2020-04-27 23:58:34,781 INFO com.zaxxer.hikari.HikariDataSource [restartedMain] HikariPool-3 - Starting...
2020-04-27 23:58:34,797 INFO com.zaxxer.hikari.HikariDataSource [restartedMain] HikariPool-3 - Start completed.
2020-04-27 23:58:34,801 INFO org.hibernate.dialect.Dialect [restartedMain] HHH000400: Using dialect: org.hibernate.dialect.MySQL5InnoDBDialect
2020-04-27 23:58:36,624 INFO org.hibernate.engine.transaction.jta.platform.internal.JtaPlatformInitiator [restartedMain] HHH000490: Using JtaPlatform implementation: [org.hibernate.engine.transaction.jta.platform.internal.NoJtaPlatform]
2020-04-27 23:58:36,625 INFO org.springframework.orm.jpa.AbstractEntityManagerFactoryBean [restartedMain] Initialized JPA EntityManagerFactory for persistence unit 'default'
2020-04-27 23:58:36,992 INFO org.springframework.boot.devtools.autoconfigure.OptionalLiveReloadServer [restartedMain] LiveReload server is running on port 35729
2020-04-27 23:58:37,133 WARN org.springframework.boot.autoconfigure.orm.jpa.JpaBaseConfiguration$JpaWebConfiguration [restartedMain] spring.jpa.open-in-view is enabled by default. Therefore, database queries may be performed during view rendering. Explicitly configure spring.jpa.open-in-view to disable this warning
2020-04-27 23:58:37,391 WARN org.springframework.context.support.AbstractApplicationContext [restartedMain] Exception encountered during context initialization - cancelling refresh attempt: org.springframework.beans.factory.BeanCreationException: Error creating bean with name 'teacherController': Lookup method resolution failed; nested exception is java.lang.IllegalStateException: Failed to introspect Class [com.bytmasoft.um.controller.TeacherController] from ClassLoader [org.springframework.boot.devtools.restart.classloader.RestartClassLoader@1176848b]
2020-04-27 23:58:37,395 INFO org.springframework.orm.jpa.AbstractEntityManagerFactoryBean [restartedMain] Closing JPA EntityManagerFactory for persistence unit 'default'
2020-04-27 23:58:37,396 INFO com.zaxxer.hikari.HikariDataSource [restartedMain] HikariPool-3 - Shutdown initiated...
2020-04-27 23:58:37,413 INFO com.zaxxer.hikari.HikariDataSource [restartedMain] HikariPool-3 - Shutdown completed.
2020-04-27 23:58:37,417 INFO org.apache.juli.logging.DirectJDKLog [restartedMain] Stopping service [Tomcat]
2020-04-27 23:58:37,447 INFO org.springframework.boot.autoconfigure.logging.ConditionEvaluationReportLoggingListener [restartedMain] 

Error starting ApplicationContext. To display the conditions report re-run your application with 'debug' enabled.
2020-04-27 23:58:37,457 ERROR org.springframework.boot.SpringApplication [restartedMain] Application run failed
org.springframework.beans.factory.BeanCreationException: Error creating bean with name 'teacherController': Lookup method resolution failed; nested exception is java.lang.IllegalStateException: Failed to introspect Class [com.bytmasoft.um.controller.TeacherController] from ClassLoader [org.springframework.boot.devtools.restart.classloader.RestartClassLoader@1176848b]
	at org.springframework.beans.factory.annotation.AutowiredAnnotationBeanPostProcessor.determineCandidateConstructors(AutowiredAnnotationBeanPostProcessor.java:289)
	at org.springframework.beans.factory.support.AbstractAutowireCapableBeanFactory.determineConstructorsFromBeanPostProcessors(AbstractAutowireCapableBeanFactory.java:1286)
	at org.springframework.beans.factory.support.AbstractAutowireCapableBeanFactory.createBeanInstance(AbstractAutowireCapableBeanFactory.java:1201)
	at org.springframework.beans.factory.support.AbstractAutowireCapableBeanFactory.doCreateBean(AbstractAutowireCapableBeanFactory.java:557)
	at org.springframework.beans.factory.support.AbstractAutowireCapableBeanFactory.createBean(AbstractAutowireCapableBeanFactory.java:517)
	at org.springframework.beans.factory.support.AbstractBeanFactory.lambda$doGetBean$0(AbstractBeanFactory.java:323)
	at org.springframework.beans.factory.support.DefaultSingletonBeanRegistry.getSingleton(DefaultSingletonBeanRegistry.java:222)
	at org.springframework.beans.factory.support.AbstractBeanFactory.doGetBean(AbstractBeanFactory.java:321)
	at org.springframework.beans.factory.support.AbstractBeanFactory.getBean(AbstractBeanFactory.java:202)
	at org.springframework.beans.factory.support.DefaultListableBeanFactory.preInstantiateSingletons(DefaultListableBeanFactory.java:879)
	at org.springframework.context.support.AbstractApplicationContext.finishBeanFactoryInitialization(AbstractApplicationContext.java:878)
	at org.springframework.context.support.AbstractApplicationContext.refresh(AbstractApplicationContext.java:550)
	at org.springframework.boot.web.servlet.context.ServletWebServerApplicationContext.refresh(ServletWebServerApplicationContext.java:141)
	at org.springframework.boot.SpringApplication.refresh(SpringApplication.java:747)
	at org.springframework.boot.SpringApplication.refreshContext(SpringApplication.java:397)
	at org.springframework.boot.SpringApplication.run(SpringApplication.java:315)
	at org.springframework.boot.SpringApplication.run(SpringApplication.java:1226)
	at org.springframework.boot.SpringApplication.run(SpringApplication.java:1215)
	at com.bytmasoft.DSSApplication.main(DSSApplication.java:27)
	at java.base/jdk.internal.reflect.NativeMethodAccessorImpl.invoke0(Native Method)
	at java.base/jdk.internal.reflect.NativeMethodAccessorImpl.invoke(NativeMethodAccessorImpl.java:62)
	at java.base/jdk.internal.reflect.DelegatingMethodAccessorImpl.invoke(DelegatingMethodAccessorImpl.java:43)
	at java.base/java.lang.reflect.Method.invoke(Method.java:567)
	at org.springframework.boot.devtools.restart.RestartLauncher.run(RestartLauncher.java:49)
Caused by: java.lang.IllegalStateException: Failed to introspect Class [com.bytmasoft.um.controller.TeacherController] from ClassLoader [org.springframework.boot.devtools.restart.classloader.RestartClassLoader@1176848b]
	at org.springframework.util.ReflectionUtils.getDeclaredMethods(ReflectionUtils.java:481)
	at org.springframework.util.ReflectionUtils.doWithLocalMethods(ReflectionUtils.java:321)
	at org.springframework.beans.factory.annotation.AutowiredAnnotationBeanPostProcessor.determineCandidateConstructors(AutowiredAnnotationBeanPostProcessor.java:267)
	... 23 common frames omitted
Caused by: java.lang.NoClassDefFoundError: User
	at java.base/java.lang.Class.getDeclaredMethods0(Native Method)
	at java.base/java.lang.Class.privateGetDeclaredMethods(Class.java:3172)
	at java.base/java.lang.Class.getDeclaredMethods(Class.java:2315)
	at org.springframework.util.ReflectionUtils.getDeclaredMethods(ReflectionUtils.java:463)
	... 25 common frames omitted
Caused by: java.lang.ClassNotFoundException: User
	at java.base/jdk.internal.loader.BuiltinClassLoader.loadClass(BuiltinClassLoader.java:583)
	at java.base/jdk.internal.loader.ClassLoaders$AppClassLoader.loadClass(ClassLoaders.java:178)
	at java.base/java.lang.ClassLoader.loadClass(ClassLoader.java:521)
	at org.springframework.boot.devtools.restart.classloader.RestartClassLoader.loadClass(RestartClassLoader.java:144)
	at java.base/java.lang.ClassLoader.loadClass(ClassLoader.java:521)
	... 29 common frames omitted
2020-04-27 23:59:30,294 INFO org.springframework.boot.StartupInfoLogger [restartedMain] Starting DSSApplication on Hawa with PID 9480 (F:\dss\dss-web\target\classes started by Mahamat in F:\dss\dss-web)
2020-04-27 23:59:30,295 INFO org.springframework.boot.SpringApplication [restartedMain] No active profile set, falling back to default profiles: default
2020-04-27 23:59:31,828 INFO org.springframework.data.repository.config.RepositoryConfigurationDelegate [restartedMain] Bootstrapping Spring Data JPA repositories in DEFAULT mode.
2020-04-27 23:59:31,951 INFO org.springframework.data.repository.config.RepositoryConfigurationDelegate [restartedMain] Finished Spring Data repository scanning in 121ms. Found 11 JPA repository interfaces.
2020-04-27 23:59:32,129 INFO org.springframework.context.support.PostProcessorRegistrationDelegate$BeanPostProcessorChecker [restartedMain] Bean 'org.springframework.security.config.annotation.configuration.ObjectPostProcessorConfiguration' of type [org.springframework.security.config.annotation.configuration.ObjectPostProcessorConfiguration] is not eligible for getting processed by all BeanPostProcessors (for example: not eligible for auto-proxying)
2020-04-27 23:59:32,132 INFO org.springframework.context.support.PostProcessorRegistrationDelegate$BeanPostProcessorChecker [restartedMain] Bean 'objectPostProcessor' of type [org.springframework.security.config.annotation.configuration.AutowireBeanFactoryObjectPostProcessor] is not eligible for getting processed by all BeanPostProcessors (for example: not eligible for auto-proxying)
2020-04-27 23:59:32,134 INFO org.springframework.context.support.PostProcessorRegistrationDelegate$BeanPostProcessorChecker [restartedMain] Bean 'org.springframework.security.access.expression.method.DefaultMethodSecurityExpressionHandler@794102b8' of type [org.springframework.security.access.expression.method.DefaultMethodSecurityExpressionHandler] is not eligible for getting processed by all BeanPostProcessors (for example: not eligible for auto-proxying)
2020-04-27 23:59:32,140 INFO org.springframework.context.support.PostProcessorRegistrationDelegate$BeanPostProcessorChecker [restartedMain] Bean 'org.springframework.security.config.annotation.method.configuration.GlobalMethodSecurityConfiguration' of type [org.springframework.security.config.annotation.method.configuration.GlobalMethodSecurityConfiguration] is not eligible for getting processed by all BeanPostProcessors (for example: not eligible for auto-proxying)
2020-04-27 23:59:32,150 INFO org.springframework.context.support.PostProcessorRegistrationDelegate$BeanPostProcessorChecker [restartedMain] Bean 'methodSecurityMetadataSource' of type [org.springframework.security.access.method.DelegatingMethodSecurityMetadataSource] is not eligible for getting processed by all BeanPostProcessors (for example: not eligible for auto-proxying)
2020-04-27 23:59:32,316 INFO org.springframework.boot.web.embedded.tomcat.TomcatWebServer [restartedMain] Tomcat initialized with port(s): 8080 (http)
2020-04-27 23:59:32,318 INFO org.apache.juli.logging.DirectJDKLog [restartedMain] Initializing ProtocolHandler ["http-nio-8080"]
2020-04-27 23:59:32,320 INFO org.apache.juli.logging.DirectJDKLog [restartedMain] Starting service [Tomcat]
2020-04-27 23:59:32,322 INFO org.apache.juli.logging.DirectJDKLog [restartedMain] Starting Servlet engine: [Apache Tomcat/9.0.31]
2020-04-27 23:59:32,371 INFO org.apache.juli.logging.DirectJDKLog [restartedMain] Initializing Spring embedded WebApplicationContext
2020-04-27 23:59:32,371 INFO org.springframework.boot.web.servlet.context.ServletWebServerApplicationContext [restartedMain] Root WebApplicationContext: initialization completed in 2055 ms
2020-04-27 23:59:32,592 INFO org.hibernate.jpa.internal.util.LogHelper [restartedMain] HHH000204: Processing PersistenceUnitInfo [name: default]
2020-04-27 23:59:32,612 INFO com.zaxxer.hikari.HikariDataSource [restartedMain] HikariPool-4 - Starting...
2020-04-27 23:59:32,620 INFO com.zaxxer.hikari.HikariDataSource [restartedMain] HikariPool-4 - Start completed.
2020-04-27 23:59:32,622 INFO org.hibernate.dialect.Dialect [restartedMain] HHH000400: Using dialect: org.hibernate.dialect.MySQL5InnoDBDialect
2020-04-27 23:59:33,537 INFO org.hibernate.engine.transaction.jta.platform.internal.JtaPlatformInitiator [restartedMain] HHH000490: Using JtaPlatform implementation: [org.hibernate.engine.transaction.jta.platform.internal.NoJtaPlatform]
2020-04-27 23:59:33,539 INFO org.springframework.orm.jpa.AbstractEntityManagerFactoryBean [restartedMain] Initialized JPA EntityManagerFactory for persistence unit 'default'
2020-04-27 23:59:33,796 INFO org.springframework.boot.devtools.autoconfigure.OptionalLiveReloadServer [restartedMain] LiveReload server is running on port 35729
2020-04-27 23:59:33,923 WARN org.springframework.boot.autoconfigure.orm.jpa.JpaBaseConfiguration$JpaWebConfiguration [restartedMain] spring.jpa.open-in-view is enabled by default. Therefore, database queries may be performed during view rendering. Explicitly configure spring.jpa.open-in-view to disable this warning
2020-04-27 23:59:34,114 WARN org.springframework.context.support.AbstractApplicationContext [restartedMain] Exception encountered during context initialization - cancelling refresh attempt: org.springframework.beans.factory.BeanCreationException: Error creating bean with name 'teacherController': Lookup method resolution failed; nested exception is java.lang.IllegalStateException: Failed to introspect Class [com.bytmasoft.um.controller.TeacherController] from ClassLoader [org.springframework.boot.devtools.restart.classloader.RestartClassLoader@620947f6]
2020-04-27 23:59:34,115 INFO org.springframework.orm.jpa.AbstractEntityManagerFactoryBean [restartedMain] Closing JPA EntityManagerFactory for persistence unit 'default'
2020-04-27 23:59:34,117 INFO com.zaxxer.hikari.HikariDataSource [restartedMain] HikariPool-4 - Shutdown initiated...
2020-04-27 23:59:34,128 INFO com.zaxxer.hikari.HikariDataSource [restartedMain] HikariPool-4 - Shutdown completed.
2020-04-27 23:59:34,131 INFO org.apache.juli.logging.DirectJDKLog [restartedMain] Stopping service [Tomcat]
2020-04-27 23:59:34,151 INFO org.springframework.boot.autoconfigure.logging.ConditionEvaluationReportLoggingListener [restartedMain] 

Error starting ApplicationContext. To display the conditions report re-run your application with 'debug' enabled.
2020-04-27 23:59:34,153 ERROR org.springframework.boot.SpringApplication [restartedMain] Application run failed
org.springframework.beans.factory.BeanCreationException: Error creating bean with name 'teacherController': Lookup method resolution failed; nested exception is java.lang.IllegalStateException: Failed to introspect Class [com.bytmasoft.um.controller.TeacherController] from ClassLoader [org.springframework.boot.devtools.restart.classloader.RestartClassLoader@620947f6]
	at org.springframework.beans.factory.annotation.AutowiredAnnotationBeanPostProcessor.determineCandidateConstructors(AutowiredAnnotationBeanPostProcessor.java:289)
	at org.springframework.beans.factory.support.AbstractAutowireCapableBeanFactory.determineConstructorsFromBeanPostProcessors(AbstractAutowireCapableBeanFactory.java:1286)
	at org.springframework.beans.factory.support.AbstractAutowireCapableBeanFactory.createBeanInstance(AbstractAutowireCapableBeanFactory.java:1201)
	at org.springframework.beans.factory.support.AbstractAutowireCapableBeanFactory.doCreateBean(AbstractAutowireCapableBeanFactory.java:557)
	at org.springframework.beans.factory.support.AbstractAutowireCapableBeanFactory.createBean(AbstractAutowireCapableBeanFactory.java:517)
	at org.springframework.beans.factory.support.AbstractBeanFactory.lambda$doGetBean$0(AbstractBeanFactory.java:323)
	at org.springframework.beans.factory.support.DefaultSingletonBeanRegistry.getSingleton(DefaultSingletonBeanRegistry.java:222)
	at org.springframework.beans.factory.support.AbstractBeanFactory.doGetBean(AbstractBeanFactory.java:321)
	at org.springframework.beans.factory.support.AbstractBeanFactory.getBean(AbstractBeanFactory.java:202)
	at org.springframework.beans.factory.support.DefaultListableBeanFactory.preInstantiateSingletons(DefaultListableBeanFactory.java:879)
	at org.springframework.context.support.AbstractApplicationContext.finishBeanFactoryInitialization(AbstractApplicationContext.java:878)
	at org.springframework.context.support.AbstractApplicationContext.refresh(AbstractApplicationContext.java:550)
	at org.springframework.boot.web.servlet.context.ServletWebServerApplicationContext.refresh(ServletWebServerApplicationContext.java:141)
	at org.springframework.boot.SpringApplication.refresh(SpringApplication.java:747)
	at org.springframework.boot.SpringApplication.refreshContext(SpringApplication.java:397)
	at org.springframework.boot.SpringApplication.run(SpringApplication.java:315)
	at org.springframework.boot.SpringApplication.run(SpringApplication.java:1226)
	at org.springframework.boot.SpringApplication.run(SpringApplication.java:1215)
	at com.bytmasoft.DSSApplication.main(DSSApplication.java:27)
	at java.base/jdk.internal.reflect.NativeMethodAccessorImpl.invoke0(Native Method)
	at java.base/jdk.internal.reflect.NativeMethodAccessorImpl.invoke(NativeMethodAccessorImpl.java:62)
	at java.base/jdk.internal.reflect.DelegatingMethodAccessorImpl.invoke(DelegatingMethodAccessorImpl.java:43)
	at java.base/java.lang.reflect.Method.invoke(Method.java:567)
	at org.springframework.boot.devtools.restart.RestartLauncher.run(RestartLauncher.java:49)
Caused by: java.lang.IllegalStateException: Failed to introspect Class [com.bytmasoft.um.controller.TeacherController] from ClassLoader [org.springframework.boot.devtools.restart.classloader.RestartClassLoader@620947f6]
	at org.springframework.util.ReflectionUtils.getDeclaredMethods(ReflectionUtils.java:481)
	at org.springframework.util.ReflectionUtils.doWithLocalMethods(ReflectionUtils.java:321)
	at org.springframework.beans.factory.annotation.AutowiredAnnotationBeanPostProcessor.determineCandidateConstructors(AutowiredAnnotationBeanPostProcessor.java:267)
	... 23 common frames omitted
Caused by: java.lang.NoClassDefFoundError: User
	at java.base/java.lang.Class.getDeclaredMethods0(Native Method)
	at java.base/java.lang.Class.privateGetDeclaredMethods(Class.java:3172)
	at java.base/java.lang.Class.getDeclaredMethods(Class.java:2315)
	at org.springframework.util.ReflectionUtils.getDeclaredMethods(ReflectionUtils.java:463)
	... 25 common frames omitted
Caused by: java.lang.ClassNotFoundException: User
	at java.base/jdk.internal.loader.BuiltinClassLoader.loadClass(BuiltinClassLoader.java:583)
	at java.base/jdk.internal.loader.ClassLoaders$AppClassLoader.loadClass(ClassLoaders.java:178)
	at java.base/java.lang.ClassLoader.loadClass(ClassLoader.java:521)
	at org.springframework.boot.devtools.restart.classloader.RestartClassLoader.loadClass(RestartClassLoader.java:144)
	at java.base/java.lang.ClassLoader.loadClass(ClassLoader.java:521)
	... 29 common frames omitted
2020-04-27 23:59:55,628 INFO org.springframework.boot.StartupInfoLogger [restartedMain] Starting DSSApplication on Hawa with PID 9480 (F:\dss\dss-web\target\classes started by Mahamat in F:\dss\dss-web)
2020-04-27 23:59:55,630 INFO org.springframework.boot.SpringApplication [restartedMain] No active profile set, falling back to default profiles: default
2020-04-27 23:59:57,547 INFO org.springframework.data.repository.config.RepositoryConfigurationDelegate [restartedMain] Bootstrapping Spring Data JPA repositories in DEFAULT mode.
2020-04-27 23:59:57,702 INFO org.springframework.data.repository.config.RepositoryConfigurationDelegate [restartedMain] Finished Spring Data repository scanning in 152ms. Found 11 JPA repository interfaces.
2020-04-27 23:59:57,890 INFO org.springframework.context.support.PostProcessorRegistrationDelegate$BeanPostProcessorChecker [restartedMain] Bean 'org.springframework.security.config.annotation.configuration.ObjectPostProcessorConfiguration' of type [org.springframework.security.config.annotation.configuration.ObjectPostProcessorConfiguration] is not eligible for getting processed by all BeanPostProcessors (for example: not eligible for auto-proxying)
2020-04-27 23:59:57,894 INFO org.springframework.context.support.PostProcessorRegistrationDelegate$BeanPostProcessorChecker [restartedMain] Bean 'objectPostProcessor' of type [org.springframework.security.config.annotation.configuration.AutowireBeanFactoryObjectPostProcessor] is not eligible for getting processed by all BeanPostProcessors (for example: not eligible for auto-proxying)
2020-04-27 23:59:57,896 INFO org.springframework.context.support.PostProcessorRegistrationDelegate$BeanPostProcessorChecker [restartedMain] Bean 'org.springframework.security.access.expression.method.DefaultMethodSecurityExpressionHandler@69d7e390' of type [org.springframework.security.access.expression.method.DefaultMethodSecurityExpressionHandler] is not eligible for getting processed by all BeanPostProcessors (for example: not eligible for auto-proxying)
2020-04-27 23:59:57,901 INFO org.springframework.context.support.PostProcessorRegistrationDelegate$BeanPostProcessorChecker [restartedMain] Bean 'org.springframework.security.config.annotation.method.configuration.GlobalMethodSecurityConfiguration' of type [org.springframework.security.config.annotation.method.configuration.GlobalMethodSecurityConfiguration] is not eligible for getting processed by all BeanPostProcessors (for example: not eligible for auto-proxying)
2020-04-27 23:59:57,902 INFO org.springframework.context.support.PostProcessorRegistrationDelegate$BeanPostProcessorChecker [restartedMain] Bean 'methodSecurityMetadataSource' of type [org.springframework.security.access.method.DelegatingMethodSecurityMetadataSource] is not eligible for getting processed by all BeanPostProcessors (for example: not eligible for auto-proxying)
2020-04-27 23:59:58,047 INFO org.springframework.boot.web.embedded.tomcat.TomcatWebServer [restartedMain] Tomcat initialized with port(s): 8080 (http)
2020-04-27 23:59:58,049 INFO org.apache.juli.logging.DirectJDKLog [restartedMain] Initializing ProtocolHandler ["http-nio-8080"]
2020-04-27 23:59:58,050 INFO org.apache.juli.logging.DirectJDKLog [restartedMain] Starting service [Tomcat]
2020-04-27 23:59:58,051 INFO org.apache.juli.logging.DirectJDKLog [restartedMain] Starting Servlet engine: [Apache Tomcat/9.0.31]
2020-04-27 23:59:58,113 INFO org.apache.juli.logging.DirectJDKLog [restartedMain] Initializing Spring embedded WebApplicationContext
2020-04-27 23:59:58,114 INFO org.springframework.boot.web.servlet.context.ServletWebServerApplicationContext [restartedMain] Root WebApplicationContext: initialization completed in 2472 ms
2020-04-27 23:59:58,395 INFO org.hibernate.jpa.internal.util.LogHelper [restartedMain] HHH000204: Processing PersistenceUnitInfo [name: default]
2020-04-27 23:59:58,417 INFO com.zaxxer.hikari.HikariDataSource [restartedMain] HikariPool-5 - Starting...
2020-04-27 23:59:58,424 INFO com.zaxxer.hikari.HikariDataSource [restartedMain] HikariPool-5 - Start completed.
2020-04-27 23:59:58,426 INFO org.hibernate.dialect.Dialect [restartedMain] HHH000400: Using dialect: org.hibernate.dialect.MySQL5InnoDBDialect
2020-04-27 23:59:59,597 INFO org.hibernate.engine.transaction.jta.platform.internal.JtaPlatformInitiator [restartedMain] HHH000490: Using JtaPlatform implementation: [org.hibernate.engine.transaction.jta.platform.internal.NoJtaPlatform]
2020-04-27 23:59:59,600 INFO org.springframework.orm.jpa.AbstractEntityManagerFactoryBean [restartedMain] Initialized JPA EntityManagerFactory for persistence unit 'default'
