2020-05-05 00:00:01,394 INFO org.springframework.data.repository.config.RepositoryConfigurationDelegate [main] Bootstrapping Spring Data JPA repositories in DEFAULT mode.
2020-05-05 00:00:01,811 INFO org.springframework.data.repository.config.RepositoryConfigurationDelegate [main] Finished Spring Data repository scanning in 380ms. Found 8 JPA repository interfaces.
2020-05-05 00:00:03,198 INFO org.springframework.context.support.PostProcessorRegistrationDelegate$BeanPostProcessorChecker [main] Bean 'org.springframework.security.config.annotation.configuration.ObjectPostProcessorConfiguration' of type [org.springframework.security.config.annotation.configuration.ObjectPostProcessorConfiguration] is not eligible for getting processed by all BeanPostProcessors (for example: not eligible for auto-proxying)
2020-05-05 00:00:03,234 INFO org.springframework.context.support.PostProcessorRegistrationDelegate$BeanPostProcessorChecker [main] Bean 'objectPostProcessor' of type [org.springframework.security.config.annotation.configuration.AutowireBeanFactoryObjectPostProcessor] is not eligible for getting processed by all BeanPostProcessors (for example: not eligible for auto-proxying)
2020-05-05 00:00:03,241 INFO org.springframework.context.support.PostProcessorRegistrationDelegate$BeanPostProcessorChecker [main] Bean 'org.springframework.security.access.expression.method.DefaultMethodSecurityExpressionHandler@2ce524d2' of type [org.springframework.security.access.expression.method.DefaultMethodSecurityExpressionHandler] is not eligible for getting processed by all BeanPostProcessors (for example: not eligible for auto-proxying)
2020-05-05 00:00:03,277 INFO org.springframework.context.support.PostProcessorRegistrationDelegate$BeanPostProcessorChecker [main] Bean 'org.springframework.security.config.annotation.method.configuration.GlobalMethodSecurityConfiguration' of type [org.springframework.security.config.annotation.method.configuration.GlobalMethodSecurityConfiguration] is not eligible for getting processed by all BeanPostProcessors (for example: not eligible for auto-proxying)
2020-05-05 00:00:03,305 INFO org.springframework.context.support.PostProcessorRegistrationDelegate$BeanPostProcessorChecker [main] Bean 'methodSecurityMetadataSource' of type [org.springframework.security.access.method.DelegatingMethodSecurityMetadataSource] is not eligible for getting processed by all BeanPostProcessors (for example: not eligible for auto-proxying)
2020-05-05 00:00:04,012 INFO org.hibernate.jpa.internal.util.LogHelper [main] HHH000204: Processing PersistenceUnitInfo [name: default]
2020-05-05 00:00:04,238 INFO org.hibernate.Version [main] HHH000412: Hibernate ORM core version 5.4.12.Final
2020-05-05 00:00:04,597 INFO org.hibernate.annotations.common.reflection.java.JavaReflectionManager [main] HCANN000001: Hibernate Commons Annotations {5.1.0.Final}
2020-05-05 00:00:06,174 INFO com.zaxxer.hikari.HikariDataSource [main] HikariPool-1 - Starting...
2020-05-05 00:00:06,722 INFO com.zaxxer.hikari.HikariDataSource [main] HikariPool-1 - Start completed.
2020-05-05 00:00:06,836 INFO org.hibernate.dialect.Dialect [main] HHH000400: Using dialect: org.hibernate.dialect.MySQL5InnoDBDialect
2020-05-05 00:00:14,262 INFO org.hibernate.engine.transaction.jta.platform.internal.JtaPlatformInitiator [main] HHH000490: Using JtaPlatform implementation: [org.hibernate.engine.transaction.jta.platform.internal.NoJtaPlatform]
2020-05-05 00:00:14,291 INFO org.springframework.orm.jpa.AbstractEntityManagerFactoryBean [main] Initialized JPA EntityManagerFactory for persistence unit 'default'
2020-05-05 00:00:19,339 WARN org.springframework.boot.autoconfigure.orm.jpa.JpaBaseConfiguration$JpaWebConfiguration [main] spring.jpa.open-in-view is enabled by default. Therefore, database queries may be performed during view rendering. Explicitly configure spring.jpa.open-in-view to disable this warning
2020-05-05 00:00:22,226 INFO org.springframework.boot.actuate.endpoint.web.EndpointLinksResolver [main] Exposing 2 endpoint(s) beneath base path '/actuator'
2020-05-05 00:00:22,812 INFO springfox.documentation.spring.web.PropertySourcedRequestMappingHandlerMapping [main] Mapped URL path [/v2/api-docs] onto method [springfox.documentation.swagger2.web.Swagger2Controller#getDocumentation(String, HttpServletRequest)]
2020-05-05 00:00:23,637 INFO org.springframework.security.web.DefaultSecurityFilterChain [main] Creating filter chain: any request, [org.springframework.security.web.context.request.async.WebAsyncManagerIntegrationFilter@542aba71, org.springframework.security.web.context.SecurityContextPersistenceFilter@494c452b, org.springframework.security.web.header.HeaderWriterFilter@97e9568, org.springframework.security.web.authentication.logout.LogoutFilter@34c79268, com.bytmasoft.um.security.JwtRequestFilter@5fe19d0e, org.springframework.security.web.savedrequest.RequestCacheAwareFilter@3f04349b, org.springframework.security.web.servletapi.SecurityContextHolderAwareRequestFilter@17d5138, org.springframework.security.web.authentication.AnonymousAuthenticationFilter@4951dc8c, org.springframework.security.web.session.SessionManagementFilter@1f748d43, org.springframework.security.web.access.ExceptionTranslationFilter@73ae084e, org.springframework.security.web.access.intercept.FilterSecurityInterceptor@2eebb07]
2020-05-05 00:00:25,588 INFO org.springframework.scheduling.concurrent.ExecutorConfigurationSupport [main] Initializing ExecutorService 'applicationTaskExecutor'
2020-05-05 00:00:27,147 INFO springfox.documentation.spring.web.plugins.DocumentationPluginsBootstrapper [main] Context refreshed
2020-05-05 00:00:27,193 INFO springfox.documentation.spring.web.plugins.DocumentationPluginsBootstrapper [main] Found 1 custom documentation plugin(s)
2020-05-05 00:00:27,303 INFO springfox.documentation.spring.web.scanners.ApiListingReferenceScanner [main] Scanning for api listing references
2020-05-05 00:00:27,384 INFO org.springframework.boot.StartupInfoLogger [main] Started RoleServiceTest in 32.055 seconds (JVM running for 36.251)
2020-05-05 00:00:27,563 INFO org.springframework.test.context.transaction.TransactionContext [main] Began transaction (1) for test context [DefaultTestContext@57c03d88 testClass = RoleServiceTest, testInstance = com.bytmasoft.um.services.RoleServiceTest@40cdc640, testMethod = testCreate@RoleServiceTest, testException = [null], mergedContextConfiguration = [WebMergedContextConfiguration@16aa8654 testClass = RoleServiceTest, locations = '{}', classes = '{class com.bytmasoft.DSSApplication}', contextInitializerClasses = '[]', activeProfiles = '{}', propertySourceLocations = '{}', propertySourceProperties = '{org.springframework.boot.test.context.SpringBootTestContextBootstrapper=true}', contextCustomizers = set[org.springframework.boot.test.context.filter.ExcludeFilterContextCustomizer@7494f96a, org.springframework.boot.test.json.DuplicateJsonObjectContextCustomizerFactory$DuplicateJsonObjectContextCustomizer@1757cd72, org.springframework.boot.test.mock.mockito.MockitoContextCustomizer@0, org.springframework.boot.test.web.client.TestRestTemplateContextCustomizer@424e1977, org.springframework.boot.test.autoconfigure.properties.PropertyMappingContextCustomizer@0, org.springframework.boot.test.autoconfigure.web.servlet.WebDriverContextCustomizerFactory$Customizer@484970b0], resourceBasePath = 'src/main/webapp', contextLoader = 'org.springframework.boot.test.context.SpringBootContextLoader', parent = [null]], attributes = map['org.springframework.test.context.web.ServletTestExecutionListener.activateListener' -> true, 'org.springframework.test.context.web.ServletTestExecutionListener.populatedRequestContextHolder' -> true, 'org.springframework.test.context.web.ServletTestExecutionListener.resetRequestContextHolder' -> true]]; transaction manager [org.springframework.orm.jpa.JpaTransactionManager@579b1d86]; rollback [true]
2020-05-05 00:00:28,069 TRACE org.hibernate.type.descriptor.sql.BasicBinder [main] binding parameter [1] as [BIGINT] - [1]
2020-05-05 00:00:28,093 TRACE org.hibernate.type.descriptor.sql.BasicExtractor [main] extracted value ([created_2_14_0_] : [TIMESTAMP]) - [2020-05-04T23:48:25]
2020-05-05 00:00:28,096 TRACE org.hibernate.type.descriptor.sql.BasicExtractor [main] extracted value ([deletest3_14_0_] : [BOOLEAN]) - [false]
2020-05-05 00:00:28,098 TRACE org.hibernate.type.descriptor.sql.BasicExtractor [main] extracted value ([inserted4_14_0_] : [VARCHAR]) - [null]
2020-05-05 00:00:28,100 TRACE org.hibernate.type.descriptor.sql.BasicExtractor [main] extracted value ([inserted5_14_0_] : [VARCHAR]) - [usermanagement]
2020-05-05 00:00:28,101 TRACE org.hibernate.type.descriptor.sql.BasicExtractor [main] extracted value ([status6_14_0_] : [VARCHAR]) - [A]
2020-05-05 00:00:28,102 TRACE org.hibernate.type.descriptor.sql.BasicExtractor [main] extracted value ([updated_7_14_0_] : [VARCHAR]) - [null]
2020-05-05 00:00:28,106 TRACE org.hibernate.type.descriptor.sql.BasicExtractor [main] extracted value ([updated_8_14_0_] : [TIMESTAMP]) - [null]
2020-05-05 00:00:28,109 TRACE org.hibernate.type.descriptor.sql.BasicExtractor [main] extracted value ([updated_9_14_0_] : [VARCHAR]) - [null]
2020-05-05 00:00:28,110 TRACE org.hibernate.type.descriptor.sql.BasicExtractor [main] extracted value ([name10_14_0_] : [VARCHAR]) - [Read]
2020-05-05 00:00:28,138 TRACE org.hibernate.type.descriptor.sql.BasicBinder [main] binding parameter [1] as [BIGINT] - [1]
2020-05-05 00:00:28,149 TRACE org.hibernate.type.descriptor.sql.BasicBinder [main] binding parameter [1] as [BIGINT] - [2]
2020-05-05 00:00:28,152 TRACE org.hibernate.type.descriptor.sql.BasicExtractor [main] extracted value ([created_2_14_0_] : [TIMESTAMP]) - [2020-05-04T23:48:25]
2020-05-05 00:00:28,153 TRACE org.hibernate.type.descriptor.sql.BasicExtractor [main] extracted value ([deletest3_14_0_] : [BOOLEAN]) - [false]
2020-05-05 00:00:28,155 TRACE org.hibernate.type.descriptor.sql.BasicExtractor [main] extracted value ([inserted4_14_0_] : [VARCHAR]) - [null]
2020-05-05 00:00:28,156 TRACE org.hibernate.type.descriptor.sql.BasicExtractor [main] extracted value ([inserted5_14_0_] : [VARCHAR]) - [usermanagement]
2020-05-05 00:00:28,157 TRACE org.hibernate.type.descriptor.sql.BasicExtractor [main] extracted value ([status6_14_0_] : [VARCHAR]) - [A]
2020-05-05 00:00:28,159 TRACE org.hibernate.type.descriptor.sql.BasicExtractor [main] extracted value ([updated_7_14_0_] : [VARCHAR]) - [null]
2020-05-05 00:00:28,160 TRACE org.hibernate.type.descriptor.sql.BasicExtractor [main] extracted value ([updated_8_14_0_] : [TIMESTAMP]) - [null]
2020-05-05 00:00:28,161 TRACE org.hibernate.type.descriptor.sql.BasicExtractor [main] extracted value ([updated_9_14_0_] : [VARCHAR]) - [null]
2020-05-05 00:00:28,163 TRACE org.hibernate.type.descriptor.sql.BasicExtractor [main] extracted value ([name10_14_0_] : [VARCHAR]) - [Write]
2020-05-05 00:00:28,165 TRACE org.hibernate.type.descriptor.sql.BasicBinder [main] binding parameter [1] as [BIGINT] - [2]
2020-05-05 00:00:28,169 TRACE org.hibernate.type.descriptor.sql.BasicBinder [main] binding parameter [1] as [BIGINT] - [3]
2020-05-05 00:00:28,172 TRACE org.hibernate.type.descriptor.sql.BasicExtractor [main] extracted value ([created_2_14_0_] : [TIMESTAMP]) - [2020-05-04T23:48:25]
2020-05-05 00:00:28,173 TRACE org.hibernate.type.descriptor.sql.BasicExtractor [main] extracted value ([deletest3_14_0_] : [BOOLEAN]) - [false]
2020-05-05 00:00:28,174 TRACE org.hibernate.type.descriptor.sql.BasicExtractor [main] extracted value ([inserted4_14_0_] : [VARCHAR]) - [null]
2020-05-05 00:00:28,175 TRACE org.hibernate.type.descriptor.sql.BasicExtractor [main] extracted value ([inserted5_14_0_] : [VARCHAR]) - [usermanagement]
2020-05-05 00:00:28,177 TRACE org.hibernate.type.descriptor.sql.BasicExtractor [main] extracted value ([status6_14_0_] : [VARCHAR]) - [A]
2020-05-05 00:00:28,178 TRACE org.hibernate.type.descriptor.sql.BasicExtractor [main] extracted value ([updated_7_14_0_] : [VARCHAR]) - [null]
2020-05-05 00:00:28,179 TRACE org.hibernate.type.descriptor.sql.BasicExtractor [main] extracted value ([updated_8_14_0_] : [TIMESTAMP]) - [null]
2020-05-05 00:00:28,181 TRACE org.hibernate.type.descriptor.sql.BasicExtractor [main] extracted value ([updated_9_14_0_] : [VARCHAR]) - [null]
2020-05-05 00:00:28,182 TRACE org.hibernate.type.descriptor.sql.BasicExtractor [main] extracted value ([name10_14_0_] : [VARCHAR]) - [Update]
2020-05-05 00:00:28,185 TRACE org.hibernate.type.descriptor.sql.BasicBinder [main] binding parameter [1] as [BIGINT] - [3]
2020-05-05 00:00:28,190 TRACE org.hibernate.type.descriptor.sql.BasicBinder [main] binding parameter [1] as [BIGINT] - [4]
2020-05-05 00:00:28,193 TRACE org.hibernate.type.descriptor.sql.BasicExtractor [main] extracted value ([created_2_14_0_] : [TIMESTAMP]) - [2020-05-04T23:48:25]
2020-05-05 00:00:28,194 TRACE org.hibernate.type.descriptor.sql.BasicExtractor [main] extracted value ([deletest3_14_0_] : [BOOLEAN]) - [false]
2020-05-05 00:00:28,195 TRACE org.hibernate.type.descriptor.sql.BasicExtractor [main] extracted value ([inserted4_14_0_] : [VARCHAR]) - [null]
2020-05-05 00:00:28,196 TRACE org.hibernate.type.descriptor.sql.BasicExtractor [main] extracted value ([inserted5_14_0_] : [VARCHAR]) - [usermanagement]
2020-05-05 00:00:28,197 TRACE org.hibernate.type.descriptor.sql.BasicExtractor [main] extracted value ([status6_14_0_] : [VARCHAR]) - [A]
2020-05-05 00:00:28,198 TRACE org.hibernate.type.descriptor.sql.BasicExtractor [main] extracted value ([updated_7_14_0_] : [VARCHAR]) - [null]
2020-05-05 00:00:28,200 TRACE org.hibernate.type.descriptor.sql.BasicExtractor [main] extracted value ([updated_8_14_0_] : [TIMESTAMP]) - [null]
2020-05-05 00:00:28,201 TRACE org.hibernate.type.descriptor.sql.BasicExtractor [main] extracted value ([updated_9_14_0_] : [VARCHAR]) - [null]
2020-05-05 00:00:28,203 TRACE org.hibernate.type.descriptor.sql.BasicExtractor [main] extracted value ([name10_14_0_] : [VARCHAR]) - [Delete]
2020-05-05 00:00:28,205 TRACE org.hibernate.type.descriptor.sql.BasicBinder [main] binding parameter [1] as [BIGINT] - [4]
2020-05-05 00:00:28,328 TRACE org.hibernate.type.descriptor.sql.BasicBinder [main] binding parameter [1] as [TIMESTAMP] - [2020-05-05T00:00:28.235549500]
2020-05-05 00:00:28,334 TRACE org.hibernate.type.descriptor.sql.BasicBinder [main] binding parameter [2] as [BOOLEAN] - [false]
2020-05-05 00:00:28,335 TRACE org.hibernate.type.descriptor.sql.BasicBinder [main] binding parameter [3] as [VARCHAR] - [null]
2020-05-05 00:00:28,337 TRACE org.hibernate.type.descriptor.sql.BasicBinder [main] binding parameter [4] as [VARCHAR] - [usermanagement]
2020-05-05 00:00:28,338 TRACE org.hibernate.type.descriptor.sql.BasicBinder [main] binding parameter [5] as [VARCHAR] - [A]
2020-05-05 00:00:28,339 TRACE org.hibernate.type.descriptor.sql.BasicBinder [main] binding parameter [6] as [VARCHAR] - [null]
2020-05-05 00:00:28,340 TRACE org.hibernate.type.descriptor.sql.BasicBinder [main] binding parameter [7] as [TIMESTAMP] - [null]
2020-05-05 00:00:28,341 TRACE org.hibernate.type.descriptor.sql.BasicBinder [main] binding parameter [8] as [VARCHAR] - [null]
2020-05-05 00:00:28,342 TRACE org.hibernate.type.descriptor.sql.BasicBinder [main] binding parameter [9] as [VARCHAR] - [Student]
2020-05-05 00:00:28,343 TRACE org.hibernate.type.descriptor.sql.BasicBinder [main] binding parameter [10] as [VARCHAR] - [STUDENT]
2020-05-05 00:00:28,442 TRACE org.hibernate.type.descriptor.sql.BasicBinder [main] binding parameter [1] as [TIMESTAMP] - [2020-05-05T00:00:28.440429800]
2020-05-05 00:00:28,443 TRACE org.hibernate.type.descriptor.sql.BasicBinder [main] binding parameter [2] as [BOOLEAN] - [false]
2020-05-05 00:00:28,445 TRACE org.hibernate.type.descriptor.sql.BasicBinder [main] binding parameter [3] as [VARCHAR] - [null]
2020-05-05 00:00:28,446 TRACE org.hibernate.type.descriptor.sql.BasicBinder [main] binding parameter [4] as [VARCHAR] - [usermanagement]
2020-05-05 00:00:28,448 TRACE org.hibernate.type.descriptor.sql.BasicBinder [main] binding parameter [5] as [VARCHAR] - [A]
2020-05-05 00:00:28,449 TRACE org.hibernate.type.descriptor.sql.BasicBinder [main] binding parameter [6] as [VARCHAR] - [null]
2020-05-05 00:00:28,451 TRACE org.hibernate.type.descriptor.sql.BasicBinder [main] binding parameter [7] as [TIMESTAMP] - [null]
2020-05-05 00:00:28,452 TRACE org.hibernate.type.descriptor.sql.BasicBinder [main] binding parameter [8] as [VARCHAR] - [null]
2020-05-05 00:00:28,453 TRACE org.hibernate.type.descriptor.sql.BasicBinder [main] binding parameter [9] as [VARCHAR] - [Admin]
2020-05-05 00:00:28,455 TRACE org.hibernate.type.descriptor.sql.BasicBinder [main] binding parameter [10] as [VARCHAR] - [ADMIN]
2020-05-05 00:00:28,460 TRACE org.hibernate.type.descriptor.sql.BasicBinder [main] binding parameter [1] as [TIMESTAMP] - [2020-05-05T00:00:28.458419900]
2020-05-05 00:00:28,462 TRACE org.hibernate.type.descriptor.sql.BasicBinder [main] binding parameter [2] as [BOOLEAN] - [false]
2020-05-05 00:00:28,463 TRACE org.hibernate.type.descriptor.sql.BasicBinder [main] binding parameter [3] as [VARCHAR] - [null]
2020-05-05 00:00:28,464 TRACE org.hibernate.type.descriptor.sql.BasicBinder [main] binding parameter [4] as [VARCHAR] - [usermanagement]
2020-05-05 00:00:28,465 TRACE org.hibernate.type.descriptor.sql.BasicBinder [main] binding parameter [5] as [VARCHAR] - [A]
2020-05-05 00:00:28,466 TRACE org.hibernate.type.descriptor.sql.BasicBinder [main] binding parameter [6] as [VARCHAR] - [null]
2020-05-05 00:00:28,467 TRACE org.hibernate.type.descriptor.sql.BasicBinder [main] binding parameter [7] as [TIMESTAMP] - [null]
2020-05-05 00:00:28,468 TRACE org.hibernate.type.descriptor.sql.BasicBinder [main] binding parameter [8] as [VARCHAR] - [null]
2020-05-05 00:00:28,469 TRACE org.hibernate.type.descriptor.sql.BasicBinder [main] binding parameter [9] as [VARCHAR] - [Teacher]
2020-05-05 00:00:28,470 TRACE org.hibernate.type.descriptor.sql.BasicBinder [main] binding parameter [10] as [VARCHAR] - [TEACHER]
2020-05-05 00:00:28,474 TRACE org.hibernate.type.descriptor.sql.BasicBinder [main] binding parameter [1] as [TIMESTAMP] - [2020-05-05T00:00:28.473412400]
2020-05-05 00:00:28,475 TRACE org.hibernate.type.descriptor.sql.BasicBinder [main] binding parameter [2] as [BOOLEAN] - [false]
2020-05-05 00:00:28,476 TRACE org.hibernate.type.descriptor.sql.BasicBinder [main] binding parameter [3] as [VARCHAR] - [null]
2020-05-05 00:00:28,477 TRACE org.hibernate.type.descriptor.sql.BasicBinder [main] binding parameter [4] as [VARCHAR] - [usermanagement]
2020-05-05 00:00:28,478 TRACE org.hibernate.type.descriptor.sql.BasicBinder [main] binding parameter [5] as [VARCHAR] - [A]
2020-05-05 00:00:28,480 TRACE org.hibernate.type.descriptor.sql.BasicBinder [main] binding parameter [6] as [VARCHAR] - [null]
2020-05-05 00:00:28,481 TRACE org.hibernate.type.descriptor.sql.BasicBinder [main] binding parameter [7] as [TIMESTAMP] - [null]
2020-05-05 00:00:28,482 TRACE org.hibernate.type.descriptor.sql.BasicBinder [main] binding parameter [8] as [VARCHAR] - [null]
2020-05-05 00:00:28,483 TRACE org.hibernate.type.descriptor.sql.BasicBinder [main] binding parameter [9] as [VARCHAR] - [Guest]
2020-05-05 00:00:28,485 TRACE org.hibernate.type.descriptor.sql.BasicBinder [main] binding parameter [10] as [VARCHAR] - [GUEST]
2020-05-05 00:00:28,510 INFO org.springframework.test.context.transaction.TransactionContext [main] Rolled back transaction for test: [DefaultTestContext@57c03d88 testClass = RoleServiceTest, testInstance = com.bytmasoft.um.services.RoleServiceTest@40cdc640, testMethod = testCreate@RoleServiceTest, testException = [null], mergedContextConfiguration = [WebMergedContextConfiguration@16aa8654 testClass = RoleServiceTest, locations = '{}', classes = '{class com.bytmasoft.DSSApplication}', contextInitializerClasses = '[]', activeProfiles = '{}', propertySourceLocations = '{}', propertySourceProperties = '{org.springframework.boot.test.context.SpringBootTestContextBootstrapper=true}', contextCustomizers = set[org.springframework.boot.test.context.filter.ExcludeFilterContextCustomizer@7494f96a, org.springframework.boot.test.json.DuplicateJsonObjectContextCustomizerFactory$DuplicateJsonObjectContextCustomizer@1757cd72, org.springframework.boot.test.mock.mockito.MockitoContextCustomizer@0, org.springframework.boot.test.web.client.TestRestTemplateContextCustomizer@424e1977, org.springframework.boot.test.autoconfigure.properties.PropertyMappingContextCustomizer@0, org.springframework.boot.test.autoconfigure.web.servlet.WebDriverContextCustomizerFactory$Customizer@484970b0], resourceBasePath = 'src/main/webapp', contextLoader = 'org.springframework.boot.test.context.SpringBootContextLoader', parent = [null]], attributes = map['org.springframework.test.context.web.ServletTestExecutionListener.activateListener' -> true, 'org.springframework.test.context.web.ServletTestExecutionListener.populatedRequestContextHolder' -> true, 'org.springframework.test.context.web.ServletTestExecutionListener.resetRequestContextHolder' -> true]]
2020-05-05 00:00:28,531 INFO org.springframework.scheduling.concurrent.ExecutorConfigurationSupport [SpringContextShutdownHook] Shutting down ExecutorService 'applicationTaskExecutor'
2020-05-05 00:00:28,546 INFO org.springframework.orm.jpa.AbstractEntityManagerFactoryBean [SpringContextShutdownHook] Closing JPA EntityManagerFactory for persistence unit 'default'
2020-05-05 00:00:28,550 INFO com.zaxxer.hikari.HikariDataSource [SpringContextShutdownHook] HikariPool-1 - Shutdown initiated...
2020-05-05 00:00:28,573 INFO com.zaxxer.hikari.HikariDataSource [SpringContextShutdownHook] HikariPool-1 - Shutdown completed.
2020-05-05 05:57:26,073 INFO org.springframework.boot.StartupInfoLogger [main] Starting RoleServiceTest on Hawa with PID 25848 (started by Mahamat in F:\dss\dss-web)
2020-05-05 05:57:26,077 INFO org.springframework.boot.SpringApplication [main] No active profile set, falling back to default profiles: default
2020-05-05 05:57:27,964 INFO org.springframework.data.repository.config.RepositoryConfigurationDelegate [main] Bootstrapping Spring Data JPA repositories in DEFAULT mode.
2020-05-05 05:57:28,173 INFO org.springframework.data.repository.config.RepositoryConfigurationDelegate [main] Finished Spring Data repository scanning in 195ms. Found 8 JPA repository interfaces.
2020-05-05 05:57:29,136 INFO org.springframework.context.support.PostProcessorRegistrationDelegate$BeanPostProcessorChecker [main] Bean 'org.springframework.security.config.annotation.configuration.ObjectPostProcessorConfiguration' of type [org.springframework.security.config.annotation.configuration.ObjectPostProcessorConfiguration] is not eligible for getting processed by all BeanPostProcessors (for example: not eligible for auto-proxying)
2020-05-05 05:57:29,154 INFO org.springframework.context.support.PostProcessorRegistrationDelegate$BeanPostProcessorChecker [main] Bean 'objectPostProcessor' of type [org.springframework.security.config.annotation.configuration.AutowireBeanFactoryObjectPostProcessor] is not eligible for getting processed by all BeanPostProcessors (for example: not eligible for auto-proxying)
2020-05-05 05:57:29,160 INFO org.springframework.context.support.PostProcessorRegistrationDelegate$BeanPostProcessorChecker [main] Bean 'org.springframework.security.access.expression.method.DefaultMethodSecurityExpressionHandler@125f16b2' of type [org.springframework.security.access.expression.method.DefaultMethodSecurityExpressionHandler] is not eligible for getting processed by all BeanPostProcessors (for example: not eligible for auto-proxying)
2020-05-05 05:57:29,179 INFO org.springframework.context.support.PostProcessorRegistrationDelegate$BeanPostProcessorChecker [main] Bean 'org.springframework.security.config.annotation.method.configuration.GlobalMethodSecurityConfiguration' of type [org.springframework.security.config.annotation.method.configuration.GlobalMethodSecurityConfiguration] is not eligible for getting processed by all BeanPostProcessors (for example: not eligible for auto-proxying)
2020-05-05 05:57:29,195 INFO org.springframework.context.support.PostProcessorRegistrationDelegate$BeanPostProcessorChecker [main] Bean 'methodSecurityMetadataSource' of type [org.springframework.security.access.method.DelegatingMethodSecurityMetadataSource] is not eligible for getting processed by all BeanPostProcessors (for example: not eligible for auto-proxying)
2020-05-05 05:57:29,778 INFO org.hibernate.jpa.internal.util.LogHelper [main] HHH000204: Processing PersistenceUnitInfo [name: default]
2020-05-05 05:57:29,974 INFO org.hibernate.Version [main] HHH000412: Hibernate ORM core version 5.4.12.Final
2020-05-05 05:57:30,361 INFO org.hibernate.annotations.common.reflection.java.JavaReflectionManager [main] HCANN000001: Hibernate Commons Annotations {5.1.0.Final}
2020-05-05 05:57:30,878 INFO com.zaxxer.hikari.HikariDataSource [main] HikariPool-1 - Starting...
2020-05-05 05:57:31,120 INFO com.zaxxer.hikari.HikariDataSource [main] HikariPool-1 - Start completed.
2020-05-05 05:57:31,152 INFO org.hibernate.dialect.Dialect [main] HHH000400: Using dialect: org.hibernate.dialect.MySQL5InnoDBDialect
2020-05-05 05:57:35,471 INFO org.hibernate.engine.transaction.jta.platform.internal.JtaPlatformInitiator [main] HHH000490: Using JtaPlatform implementation: [org.hibernate.engine.transaction.jta.platform.internal.NoJtaPlatform]
2020-05-05 05:57:35,507 INFO org.springframework.orm.jpa.AbstractEntityManagerFactoryBean [main] Initialized JPA EntityManagerFactory for persistence unit 'default'
2020-05-05 05:57:38,744 WARN org.springframework.boot.autoconfigure.orm.jpa.JpaBaseConfiguration$JpaWebConfiguration [main] spring.jpa.open-in-view is enabled by default. Therefore, database queries may be performed during view rendering. Explicitly configure spring.jpa.open-in-view to disable this warning
2020-05-05 05:57:40,706 INFO org.springframework.boot.actuate.endpoint.web.EndpointLinksResolver [main] Exposing 2 endpoint(s) beneath base path '/actuator'
2020-05-05 05:57:41,159 INFO springfox.documentation.spring.web.PropertySourcedRequestMappingHandlerMapping [main] Mapped URL path [/v2/api-docs] onto method [springfox.documentation.swagger2.web.Swagger2Controller#getDocumentation(String, HttpServletRequest)]
2020-05-05 05:57:41,759 INFO org.springframework.security.web.DefaultSecurityFilterChain [main] Creating filter chain: any request, [org.springframework.security.web.context.request.async.WebAsyncManagerIntegrationFilter@7b3db079, org.springframework.security.web.context.SecurityContextPersistenceFilter@6e591c03, org.springframework.security.web.header.HeaderWriterFilter@3d306fd5, org.springframework.security.web.authentication.logout.LogoutFilter@1c8e4810, com.bytmasoft.um.security.JwtRequestFilter@18ada4e1, org.springframework.security.web.savedrequest.RequestCacheAwareFilter@36996b37, org.springframework.security.web.servletapi.SecurityContextHolderAwareRequestFilter@109941fa, org.springframework.security.web.authentication.AnonymousAuthenticationFilter@6ef5e46a, org.springframework.security.web.session.SessionManagementFilter@34c79268, org.springframework.security.web.access.ExceptionTranslationFilter@3bfbe2a6, org.springframework.security.web.access.intercept.FilterSecurityInterceptor@52db9036]
2020-05-05 05:57:42,641 INFO org.springframework.scheduling.concurrent.ExecutorConfigurationSupport [main] Initializing ExecutorService 'applicationTaskExecutor'
2020-05-05 05:57:43,462 INFO springfox.documentation.spring.web.plugins.DocumentationPluginsBootstrapper [main] Context refreshed
2020-05-05 05:57:43,500 INFO springfox.documentation.spring.web.plugins.DocumentationPluginsBootstrapper [main] Found 1 custom documentation plugin(s)
2020-05-05 05:57:43,567 INFO springfox.documentation.spring.web.scanners.ApiListingReferenceScanner [main] Scanning for api listing references
2020-05-05 05:57:43,619 INFO org.springframework.boot.StartupInfoLogger [main] Started RoleServiceTest in 18.156 seconds (JVM running for 20.46)
2020-05-05 05:57:43,753 INFO org.springframework.test.context.transaction.TransactionContext [main] Began transaction (1) for test context [DefaultTestContext@57c03d88 testClass = RoleServiceTest, testInstance = com.bytmasoft.um.services.RoleServiceTest@5e05064b, testMethod = testCreate@RoleServiceTest, testException = [null], mergedContextConfiguration = [WebMergedContextConfiguration@16aa8654 testClass = RoleServiceTest, locations = '{}', classes = '{class com.bytmasoft.DSSApplication}', contextInitializerClasses = '[]', activeProfiles = '{}', propertySourceLocations = '{}', propertySourceProperties = '{org.springframework.boot.test.context.SpringBootTestContextBootstrapper=true}', contextCustomizers = set[org.springframework.boot.test.context.filter.ExcludeFilterContextCustomizer@7494f96a, org.springframework.boot.test.json.DuplicateJsonObjectContextCustomizerFactory$DuplicateJsonObjectContextCustomizer@1757cd72, org.springframework.boot.test.mock.mockito.MockitoContextCustomizer@0, org.springframework.boot.test.web.client.TestRestTemplateContextCustomizer@424e1977, org.springframework.boot.test.autoconfigure.properties.PropertyMappingContextCustomizer@0, org.springframework.boot.test.autoconfigure.web.servlet.WebDriverContextCustomizerFactory$Customizer@484970b0], resourceBasePath = 'src/main/webapp', contextLoader = 'org.springframework.boot.test.context.SpringBootContextLoader', parent = [null]], attributes = map['org.springframework.test.context.web.ServletTestExecutionListener.activateListener' -> true, 'org.springframework.test.context.web.ServletTestExecutionListener.populatedRequestContextHolder' -> true, 'org.springframework.test.context.web.ServletTestExecutionListener.resetRequestContextHolder' -> true]]; transaction manager [org.springframework.orm.jpa.JpaTransactionManager@67398bad]; rollback [true]
2020-05-05 05:57:44,164 TRACE org.hibernate.type.descriptor.sql.BasicBinder [main] binding parameter [1] as [BIGINT] - [1]
2020-05-05 05:57:44,184 TRACE org.hibernate.type.descriptor.sql.BasicExtractor [main] extracted value ([created_2_14_0_] : [TIMESTAMP]) - [2020-05-04T23:48:25]
2020-05-05 05:57:44,186 TRACE org.hibernate.type.descriptor.sql.BasicExtractor [main] extracted value ([deletest3_14_0_] : [BOOLEAN]) - [false]
2020-05-05 05:57:44,187 TRACE org.hibernate.type.descriptor.sql.BasicExtractor [main] extracted value ([inserted4_14_0_] : [VARCHAR]) - [null]
2020-05-05 05:57:44,188 TRACE org.hibernate.type.descriptor.sql.BasicExtractor [main] extracted value ([inserted5_14_0_] : [VARCHAR]) - [usermanagement]
2020-05-05 05:57:44,188 TRACE org.hibernate.type.descriptor.sql.BasicExtractor [main] extracted value ([status6_14_0_] : [VARCHAR]) - [A]
2020-05-05 05:57:44,189 TRACE org.hibernate.type.descriptor.sql.BasicExtractor [main] extracted value ([updated_7_14_0_] : [VARCHAR]) - [null]
2020-05-05 05:57:44,190 TRACE org.hibernate.type.descriptor.sql.BasicExtractor [main] extracted value ([updated_8_14_0_] : [TIMESTAMP]) - [null]
2020-05-05 05:57:44,191 TRACE org.hibernate.type.descriptor.sql.BasicExtractor [main] extracted value ([updated_9_14_0_] : [VARCHAR]) - [null]
2020-05-05 05:57:44,191 TRACE org.hibernate.type.descriptor.sql.BasicExtractor [main] extracted value ([name10_14_0_] : [VARCHAR]) - [Read]
2020-05-05 05:57:44,220 TRACE org.hibernate.type.descriptor.sql.BasicBinder [main] binding parameter [1] as [BIGINT] - [1]
2020-05-05 05:57:44,226 TRACE org.hibernate.type.descriptor.sql.BasicBinder [main] binding parameter [1] as [BIGINT] - [2]
2020-05-05 05:57:44,227 TRACE org.hibernate.type.descriptor.sql.BasicExtractor [main] extracted value ([created_2_14_0_] : [TIMESTAMP]) - [2020-05-04T23:48:25]
2020-05-05 05:57:44,228 TRACE org.hibernate.type.descriptor.sql.BasicExtractor [main] extracted value ([deletest3_14_0_] : [BOOLEAN]) - [false]
2020-05-05 05:57:44,229 TRACE org.hibernate.type.descriptor.sql.BasicExtractor [main] extracted value ([inserted4_14_0_] : [VARCHAR]) - [null]
2020-05-05 05:57:44,229 TRACE org.hibernate.type.descriptor.sql.BasicExtractor [main] extracted value ([inserted5_14_0_] : [VARCHAR]) - [usermanagement]
2020-05-05 05:57:44,230 TRACE org.hibernate.type.descriptor.sql.BasicExtractor [main] extracted value ([status6_14_0_] : [VARCHAR]) - [A]
2020-05-05 05:57:44,230 TRACE org.hibernate.type.descriptor.sql.BasicExtractor [main] extracted value ([updated_7_14_0_] : [VARCHAR]) - [null]
2020-05-05 05:57:44,231 TRACE org.hibernate.type.descriptor.sql.BasicExtractor [main] extracted value ([updated_8_14_0_] : [TIMESTAMP]) - [null]
2020-05-05 05:57:44,233 TRACE org.hibernate.type.descriptor.sql.BasicExtractor [main] extracted value ([updated_9_14_0_] : [VARCHAR]) - [null]
2020-05-05 05:57:44,234 TRACE org.hibernate.type.descriptor.sql.BasicExtractor [main] extracted value ([name10_14_0_] : [VARCHAR]) - [Write]
2020-05-05 05:57:44,237 TRACE org.hibernate.type.descriptor.sql.BasicBinder [main] binding parameter [1] as [BIGINT] - [2]
2020-05-05 05:57:44,240 TRACE org.hibernate.type.descriptor.sql.BasicBinder [main] binding parameter [1] as [BIGINT] - [3]
2020-05-05 05:57:44,242 TRACE org.hibernate.type.descriptor.sql.BasicExtractor [main] extracted value ([created_2_14_0_] : [TIMESTAMP]) - [2020-05-04T23:48:25]
2020-05-05 05:57:44,244 TRACE org.hibernate.type.descriptor.sql.BasicExtractor [main] extracted value ([deletest3_14_0_] : [BOOLEAN]) - [false]
2020-05-05 05:57:44,244 TRACE org.hibernate.type.descriptor.sql.BasicExtractor [main] extracted value ([inserted4_14_0_] : [VARCHAR]) - [null]
2020-05-05 05:57:44,245 TRACE org.hibernate.type.descriptor.sql.BasicExtractor [main] extracted value ([inserted5_14_0_] : [VARCHAR]) - [usermanagement]
2020-05-05 05:57:44,247 TRACE org.hibernate.type.descriptor.sql.BasicExtractor [main] extracted value ([status6_14_0_] : [VARCHAR]) - [A]
2020-05-05 05:57:44,248 TRACE org.hibernate.type.descriptor.sql.BasicExtractor [main] extracted value ([updated_7_14_0_] : [VARCHAR]) - [null]
2020-05-05 05:57:44,250 TRACE org.hibernate.type.descriptor.sql.BasicExtractor [main] extracted value ([updated_8_14_0_] : [TIMESTAMP]) - [null]
2020-05-05 05:57:44,251 TRACE org.hibernate.type.descriptor.sql.BasicExtractor [main] extracted value ([updated_9_14_0_] : [VARCHAR]) - [null]
2020-05-05 05:57:44,252 TRACE org.hibernate.type.descriptor.sql.BasicExtractor [main] extracted value ([name10_14_0_] : [VARCHAR]) - [Update]
2020-05-05 05:57:44,254 TRACE org.hibernate.type.descriptor.sql.BasicBinder [main] binding parameter [1] as [BIGINT] - [3]
2020-05-05 05:57:44,258 TRACE org.hibernate.type.descriptor.sql.BasicBinder [main] binding parameter [1] as [BIGINT] - [4]
2020-05-05 05:57:44,261 TRACE org.hibernate.type.descriptor.sql.BasicExtractor [main] extracted value ([created_2_14_0_] : [TIMESTAMP]) - [2020-05-04T23:48:25]
2020-05-05 05:57:44,262 TRACE org.hibernate.type.descriptor.sql.BasicExtractor [main] extracted value ([deletest3_14_0_] : [BOOLEAN]) - [false]
2020-05-05 05:57:44,263 TRACE org.hibernate.type.descriptor.sql.BasicExtractor [main] extracted value ([inserted4_14_0_] : [VARCHAR]) - [null]
2020-05-05 05:57:44,265 TRACE org.hibernate.type.descriptor.sql.BasicExtractor [main] extracted value ([inserted5_14_0_] : [VARCHAR]) - [usermanagement]
2020-05-05 05:57:44,266 TRACE org.hibernate.type.descriptor.sql.BasicExtractor [main] extracted value ([status6_14_0_] : [VARCHAR]) - [A]
2020-05-05 05:57:44,267 TRACE org.hibernate.type.descriptor.sql.BasicExtractor [main] extracted value ([updated_7_14_0_] : [VARCHAR]) - [null]
2020-05-05 05:57:44,268 TRACE org.hibernate.type.descriptor.sql.BasicExtractor [main] extracted value ([updated_8_14_0_] : [TIMESTAMP]) - [null]
2020-05-05 05:57:44,270 TRACE org.hibernate.type.descriptor.sql.BasicExtractor [main] extracted value ([updated_9_14_0_] : [VARCHAR]) - [null]
2020-05-05 05:57:44,270 TRACE org.hibernate.type.descriptor.sql.BasicExtractor [main] extracted value ([name10_14_0_] : [VARCHAR]) - [Delete]
2020-05-05 05:57:44,272 TRACE org.hibernate.type.descriptor.sql.BasicBinder [main] binding parameter [1] as [BIGINT] - [4]
2020-05-05 05:57:44,350 TRACE org.hibernate.type.descriptor.sql.BasicBinder [main] binding parameter [1] as [TIMESTAMP] - [2020-05-05T05:57:44.296953800]
2020-05-05 05:57:44,353 TRACE org.hibernate.type.descriptor.sql.BasicBinder [main] binding parameter [2] as [BOOLEAN] - [false]
2020-05-05 05:57:44,354 TRACE org.hibernate.type.descriptor.sql.BasicBinder [main] binding parameter [3] as [VARCHAR] - [null]
2020-05-05 05:57:44,355 TRACE org.hibernate.type.descriptor.sql.BasicBinder [main] binding parameter [4] as [VARCHAR] - [usermanagement]
2020-05-05 05:57:44,357 TRACE org.hibernate.type.descriptor.sql.BasicBinder [main] binding parameter [5] as [VARCHAR] - [A]
2020-05-05 05:57:44,358 TRACE org.hibernate.type.descriptor.sql.BasicBinder [main] binding parameter [6] as [VARCHAR] - [null]
2020-05-05 05:57:44,359 TRACE org.hibernate.type.descriptor.sql.BasicBinder [main] binding parameter [7] as [TIMESTAMP] - [null]
2020-05-05 05:57:44,360 TRACE org.hibernate.type.descriptor.sql.BasicBinder [main] binding parameter [8] as [VARCHAR] - [null]
2020-05-05 05:57:44,361 TRACE org.hibernate.type.descriptor.sql.BasicBinder [main] binding parameter [9] as [VARCHAR] - [Student]
2020-05-05 05:57:44,361 TRACE org.hibernate.type.descriptor.sql.BasicBinder [main] binding parameter [10] as [VARCHAR] - [STUDENT]
2020-05-05 05:57:44,504 TRACE org.hibernate.type.descriptor.sql.BasicBinder [main] binding parameter [1] as [TIMESTAMP] - [2020-05-05T05:57:44.503834800]
2020-05-05 05:57:44,506 TRACE org.hibernate.type.descriptor.sql.BasicBinder [main] binding parameter [2] as [BOOLEAN] - [false]
2020-05-05 05:57:44,507 TRACE org.hibernate.type.descriptor.sql.BasicBinder [main] binding parameter [3] as [VARCHAR] - [null]
2020-05-05 05:57:44,507 TRACE org.hibernate.type.descriptor.sql.BasicBinder [main] binding parameter [4] as [VARCHAR] - [usermanagement]
2020-05-05 05:57:44,508 TRACE org.hibernate.type.descriptor.sql.BasicBinder [main] binding parameter [5] as [VARCHAR] - [A]
2020-05-05 05:57:44,510 TRACE org.hibernate.type.descriptor.sql.BasicBinder [main] binding parameter [6] as [VARCHAR] - [null]
2020-05-05 05:57:44,510 TRACE org.hibernate.type.descriptor.sql.BasicBinder [main] binding parameter [7] as [TIMESTAMP] - [null]
2020-05-05 05:57:44,511 TRACE org.hibernate.type.descriptor.sql.BasicBinder [main] binding parameter [8] as [VARCHAR] - [null]
2020-05-05 05:57:44,512 TRACE org.hibernate.type.descriptor.sql.BasicBinder [main] binding parameter [9] as [VARCHAR] - [Admin]
2020-05-05 05:57:44,513 TRACE org.hibernate.type.descriptor.sql.BasicBinder [main] binding parameter [10] as [VARCHAR] - [ADMIN]
2020-05-05 05:57:44,517 TRACE org.hibernate.type.descriptor.sql.BasicBinder [main] binding parameter [1] as [TIMESTAMP] - [2020-05-05T05:57:44.516827900]
2020-05-05 05:57:44,518 TRACE org.hibernate.type.descriptor.sql.BasicBinder [main] binding parameter [2] as [BOOLEAN] - [false]
2020-05-05 05:57:44,519 TRACE org.hibernate.type.descriptor.sql.BasicBinder [main] binding parameter [3] as [VARCHAR] - [null]
2020-05-05 05:57:44,520 TRACE org.hibernate.type.descriptor.sql.BasicBinder [main] binding parameter [4] as [VARCHAR] - [usermanagement]
2020-05-05 05:57:44,521 TRACE org.hibernate.type.descriptor.sql.BasicBinder [main] binding parameter [5] as [VARCHAR] - [A]
2020-05-05 05:57:44,522 TRACE org.hibernate.type.descriptor.sql.BasicBinder [main] binding parameter [6] as [VARCHAR] - [null]
2020-05-05 05:57:44,523 TRACE org.hibernate.type.descriptor.sql.BasicBinder [main] binding parameter [7] as [TIMESTAMP] - [null]
2020-05-05 05:57:44,524 TRACE org.hibernate.type.descriptor.sql.BasicBinder [main] binding parameter [8] as [VARCHAR] - [null]
2020-05-05 05:57:44,525 TRACE org.hibernate.type.descriptor.sql.BasicBinder [main] binding parameter [9] as [VARCHAR] - [Teacher]
2020-05-05 05:57:44,526 TRACE org.hibernate.type.descriptor.sql.BasicBinder [main] binding parameter [10] as [VARCHAR] - [TEACHER]
2020-05-05 05:57:44,529 TRACE org.hibernate.type.descriptor.sql.BasicBinder [main] binding parameter [1] as [TIMESTAMP] - [2020-05-05T05:57:44.528820800]
2020-05-05 05:57:44,530 TRACE org.hibernate.type.descriptor.sql.BasicBinder [main] binding parameter [2] as [BOOLEAN] - [false]
2020-05-05 05:57:44,531 TRACE org.hibernate.type.descriptor.sql.BasicBinder [main] binding parameter [3] as [VARCHAR] - [null]
2020-05-05 05:57:44,532 TRACE org.hibernate.type.descriptor.sql.BasicBinder [main] binding parameter [4] as [VARCHAR] - [usermanagement]
2020-05-05 05:57:44,533 TRACE org.hibernate.type.descriptor.sql.BasicBinder [main] binding parameter [5] as [VARCHAR] - [A]
2020-05-05 05:57:44,533 TRACE org.hibernate.type.descriptor.sql.BasicBinder [main] binding parameter [6] as [VARCHAR] - [null]
2020-05-05 05:57:44,534 TRACE org.hibernate.type.descriptor.sql.BasicBinder [main] binding parameter [7] as [TIMESTAMP] - [null]
2020-05-05 05:57:44,535 TRACE org.hibernate.type.descriptor.sql.BasicBinder [main] binding parameter [8] as [VARCHAR] - [null]
2020-05-05 05:57:44,535 TRACE org.hibernate.type.descriptor.sql.BasicBinder [main] binding parameter [9] as [VARCHAR] - [Guest]
2020-05-05 05:57:44,536 TRACE org.hibernate.type.descriptor.sql.BasicBinder [main] binding parameter [10] as [VARCHAR] - [GUEST]
2020-05-05 05:57:44,561 INFO org.springframework.test.context.transaction.TransactionContext [main] Rolled back transaction for test: [DefaultTestContext@57c03d88 testClass = RoleServiceTest, testInstance = com.bytmasoft.um.services.RoleServiceTest@5e05064b, testMethod = testCreate@RoleServiceTest, testException = [null], mergedContextConfiguration = [WebMergedContextConfiguration@16aa8654 testClass = RoleServiceTest, locations = '{}', classes = '{class com.bytmasoft.DSSApplication}', contextInitializerClasses = '[]', activeProfiles = '{}', propertySourceLocations = '{}', propertySourceProperties = '{org.springframework.boot.test.context.SpringBootTestContextBootstrapper=true}', contextCustomizers = set[org.springframework.boot.test.context.filter.ExcludeFilterContextCustomizer@7494f96a, org.springframework.boot.test.json.DuplicateJsonObjectContextCustomizerFactory$DuplicateJsonObjectContextCustomizer@1757cd72, org.springframework.boot.test.mock.mockito.MockitoContextCustomizer@0, org.springframework.boot.test.web.client.TestRestTemplateContextCustomizer@424e1977, org.springframework.boot.test.autoconfigure.properties.PropertyMappingContextCustomizer@0, org.springframework.boot.test.autoconfigure.web.servlet.WebDriverContextCustomizerFactory$Customizer@484970b0], resourceBasePath = 'src/main/webapp', contextLoader = 'org.springframework.boot.test.context.SpringBootContextLoader', parent = [null]], attributes = map['org.springframework.test.context.web.ServletTestExecutionListener.activateListener' -> true, 'org.springframework.test.context.web.ServletTestExecutionListener.populatedRequestContextHolder' -> true, 'org.springframework.test.context.web.ServletTestExecutionListener.resetRequestContextHolder' -> true]]
2020-05-05 05:57:44,584 INFO org.springframework.scheduling.concurrent.ExecutorConfigurationSupport [SpringContextShutdownHook] Shutting down ExecutorService 'applicationTaskExecutor'
2020-05-05 05:57:44,596 INFO org.springframework.orm.jpa.AbstractEntityManagerFactoryBean [SpringContextShutdownHook] Closing JPA EntityManagerFactory for persistence unit 'default'
2020-05-05 05:57:44,599 INFO com.zaxxer.hikari.HikariDataSource [SpringContextShutdownHook] HikariPool-1 - Shutdown initiated...
2020-05-05 05:57:44,616 INFO com.zaxxer.hikari.HikariDataSource [SpringContextShutdownHook] HikariPool-1 - Shutdown completed.
2020-05-05 05:58:23,751 INFO org.springframework.boot.StartupInfoLogger [main] Starting RoleServiceTest on Hawa with PID 48032 (started by Mahamat in F:\dss\dss-web)
2020-05-05 05:58:23,756 INFO org.springframework.boot.SpringApplication [main] No active profile set, falling back to default profiles: default
2020-05-05 05:58:26,650 INFO org.springframework.data.repository.config.RepositoryConfigurationDelegate [main] Bootstrapping Spring Data JPA repositories in DEFAULT mode.
2020-05-05 05:58:27,221 INFO org.springframework.data.repository.config.RepositoryConfigurationDelegate [main] Finished Spring Data repository scanning in 533ms. Found 8 JPA repository interfaces.
2020-05-05 05:58:28,878 INFO org.springframework.context.support.PostProcessorRegistrationDelegate$BeanPostProcessorChecker [main] Bean 'org.springframework.security.config.annotation.configuration.ObjectPostProcessorConfiguration' of type [org.springframework.security.config.annotation.configuration.ObjectPostProcessorConfiguration] is not eligible for getting processed by all BeanPostProcessors (for example: not eligible for auto-proxying)
2020-05-05 05:58:28,913 INFO org.springframework.context.support.PostProcessorRegistrationDelegate$BeanPostProcessorChecker [main] Bean 'objectPostProcessor' of type [org.springframework.security.config.annotation.configuration.AutowireBeanFactoryObjectPostProcessor] is not eligible for getting processed by all BeanPostProcessors (for example: not eligible for auto-proxying)
2020-05-05 05:58:28,921 INFO org.springframework.context.support.PostProcessorRegistrationDelegate$BeanPostProcessorChecker [main] Bean 'org.springframework.security.access.expression.method.DefaultMethodSecurityExpressionHandler@3f048c86' of type [org.springframework.security.access.expression.method.DefaultMethodSecurityExpressionHandler] is not eligible for getting processed by all BeanPostProcessors (for example: not eligible for auto-proxying)
2020-05-05 05:58:28,960 INFO org.springframework.context.support.PostProcessorRegistrationDelegate$BeanPostProcessorChecker [main] Bean 'org.springframework.security.config.annotation.method.configuration.GlobalMethodSecurityConfiguration' of type [org.springframework.security.config.annotation.method.configuration.GlobalMethodSecurityConfiguration] is not eligible for getting processed by all BeanPostProcessors (for example: not eligible for auto-proxying)
2020-05-05 05:58:28,990 INFO org.springframework.context.support.PostProcessorRegistrationDelegate$BeanPostProcessorChecker [main] Bean 'methodSecurityMetadataSource' of type [org.springframework.security.access.method.DelegatingMethodSecurityMetadataSource] is not eligible for getting processed by all BeanPostProcessors (for example: not eligible for auto-proxying)
2020-05-05 05:58:29,817 INFO org.hibernate.jpa.internal.util.LogHelper [main] HHH000204: Processing PersistenceUnitInfo [name: default]
2020-05-05 05:58:30,132 INFO org.hibernate.Version [main] HHH000412: Hibernate ORM core version 5.4.12.Final
2020-05-05 05:58:30,551 INFO org.hibernate.annotations.common.reflection.java.JavaReflectionManager [main] HCANN000001: Hibernate Commons Annotations {5.1.0.Final}
2020-05-05 05:58:31,498 INFO com.zaxxer.hikari.HikariDataSource [main] HikariPool-1 - Starting...
2020-05-05 05:58:31,766 INFO com.zaxxer.hikari.HikariDataSource [main] HikariPool-1 - Start completed.
2020-05-05 05:58:31,793 INFO org.hibernate.dialect.Dialect [main] HHH000400: Using dialect: org.hibernate.dialect.MySQL5InnoDBDialect
2020-05-05 05:58:38,651 INFO org.hibernate.engine.transaction.jta.platform.internal.JtaPlatformInitiator [main] HHH000490: Using JtaPlatform implementation: [org.hibernate.engine.transaction.jta.platform.internal.NoJtaPlatform]
2020-05-05 05:58:38,691 INFO org.springframework.orm.jpa.AbstractEntityManagerFactoryBean [main] Initialized JPA EntityManagerFactory for persistence unit 'default'
2020-05-05 05:58:43,047 WARN org.springframework.boot.autoconfigure.orm.jpa.JpaBaseConfiguration$JpaWebConfiguration [main] spring.jpa.open-in-view is enabled by default. Therefore, database queries may be performed during view rendering. Explicitly configure spring.jpa.open-in-view to disable this warning
2020-05-05 05:58:44,805 INFO org.springframework.boot.actuate.endpoint.web.EndpointLinksResolver [main] Exposing 2 endpoint(s) beneath base path '/actuator'
2020-05-05 05:58:45,206 INFO springfox.documentation.spring.web.PropertySourcedRequestMappingHandlerMapping [main] Mapped URL path [/v2/api-docs] onto method [springfox.documentation.swagger2.web.Swagger2Controller#getDocumentation(String, HttpServletRequest)]
2020-05-05 05:58:45,792 INFO org.springframework.security.web.DefaultSecurityFilterChain [main] Creating filter chain: any request, [org.springframework.security.web.context.request.async.WebAsyncManagerIntegrationFilter@4fd2b418, org.springframework.security.web.context.SecurityContextPersistenceFilter@275ff5f8, org.springframework.security.web.header.HeaderWriterFilter@31b2c451, org.springframework.security.web.authentication.logout.LogoutFilter@6ca9f1d0, com.bytmasoft.um.security.JwtRequestFilter@12ef7db5, org.springframework.security.web.savedrequest.RequestCacheAwareFilter@26acbc9d, org.springframework.security.web.servletapi.SecurityContextHolderAwareRequestFilter@70d61624, org.springframework.security.web.authentication.AnonymousAuthenticationFilter@dd5ea90, org.springframework.security.web.session.SessionManagementFilter@5f386009, org.springframework.security.web.access.ExceptionTranslationFilter@72e9c0a0, org.springframework.security.web.access.intercept.FilterSecurityInterceptor@71d3dfd5]
2020-05-05 05:58:46,633 INFO org.springframework.scheduling.concurrent.ExecutorConfigurationSupport [main] Initializing ExecutorService 'applicationTaskExecutor'
2020-05-05 05:58:47,468 INFO springfox.documentation.spring.web.plugins.DocumentationPluginsBootstrapper [main] Context refreshed
2020-05-05 05:58:47,503 INFO springfox.documentation.spring.web.plugins.DocumentationPluginsBootstrapper [main] Found 1 custom documentation plugin(s)
2020-05-05 05:58:47,582 INFO springfox.documentation.spring.web.scanners.ApiListingReferenceScanner [main] Scanning for api listing references
2020-05-05 05:58:47,637 INFO org.springframework.boot.StartupInfoLogger [main] Started RoleServiceTest in 24.846 seconds (JVM running for 28.967)
2020-05-05 05:58:48,183 TRACE org.hibernate.type.descriptor.sql.BasicBinder [main] binding parameter [1] as [BIGINT] - [1]
2020-05-05 05:58:48,205 TRACE org.hibernate.type.descriptor.sql.BasicExtractor [main] extracted value ([created_2_14_0_] : [TIMESTAMP]) - [2020-05-04T23:48:25]
2020-05-05 05:58:48,207 TRACE org.hibernate.type.descriptor.sql.BasicExtractor [main] extracted value ([deletest3_14_0_] : [BOOLEAN]) - [false]
2020-05-05 05:58:48,208 TRACE org.hibernate.type.descriptor.sql.BasicExtractor [main] extracted value ([inserted4_14_0_] : [VARCHAR]) - [null]
2020-05-05 05:58:48,209 TRACE org.hibernate.type.descriptor.sql.BasicExtractor [main] extracted value ([inserted5_14_0_] : [VARCHAR]) - [usermanagement]
2020-05-05 05:58:48,211 TRACE org.hibernate.type.descriptor.sql.BasicExtractor [main] extracted value ([status6_14_0_] : [VARCHAR]) - [A]
2020-05-05 05:58:48,212 TRACE org.hibernate.type.descriptor.sql.BasicExtractor [main] extracted value ([updated_7_14_0_] : [VARCHAR]) - [null]
2020-05-05 05:58:48,214 TRACE org.hibernate.type.descriptor.sql.BasicExtractor [main] extracted value ([updated_8_14_0_] : [TIMESTAMP]) - [null]
2020-05-05 05:58:48,215 TRACE org.hibernate.type.descriptor.sql.BasicExtractor [main] extracted value ([updated_9_14_0_] : [VARCHAR]) - [null]
2020-05-05 05:58:48,217 TRACE org.hibernate.type.descriptor.sql.BasicExtractor [main] extracted value ([name10_14_0_] : [VARCHAR]) - [Read]
2020-05-05 05:58:48,293 INFO org.springframework.scheduling.concurrent.ExecutorConfigurationSupport [SpringContextShutdownHook] Shutting down ExecutorService 'applicationTaskExecutor'
2020-05-05 05:58:48,303 INFO org.springframework.orm.jpa.AbstractEntityManagerFactoryBean [SpringContextShutdownHook] Closing JPA EntityManagerFactory for persistence unit 'default'
2020-05-05 05:58:48,307 INFO com.zaxxer.hikari.HikariDataSource [SpringContextShutdownHook] HikariPool-1 - Shutdown initiated...
2020-05-05 05:58:48,323 INFO com.zaxxer.hikari.HikariDataSource [SpringContextShutdownHook] HikariPool-1 - Shutdown completed.
2020-05-05 07:28:00,855 INFO org.springframework.boot.StartupInfoLogger [main] Starting RoleServiceTest on Hawa with PID 52536 (started by Mahamat in F:\dss\dss-web)
2020-05-05 07:28:00,863 INFO org.springframework.boot.SpringApplication [main] No active profile set, falling back to default profiles: default
2020-05-05 07:28:05,701 INFO org.springframework.data.repository.config.RepositoryConfigurationDelegate [main] Bootstrapping Spring Data JPA repositories in DEFAULT mode.
2020-05-05 07:28:06,170 INFO org.springframework.data.repository.config.RepositoryConfigurationDelegate [main] Finished Spring Data repository scanning in 438ms. Found 8 JPA repository interfaces.
2020-05-05 07:28:08,182 INFO org.springframework.context.support.PostProcessorRegistrationDelegate$BeanPostProcessorChecker [main] Bean 'org.springframework.security.config.annotation.configuration.ObjectPostProcessorConfiguration' of type [org.springframework.security.config.annotation.configuration.ObjectPostProcessorConfiguration] is not eligible for getting processed by all BeanPostProcessors (for example: not eligible for auto-proxying)
2020-05-05 07:28:08,233 INFO org.springframework.context.support.PostProcessorRegistrationDelegate$BeanPostProcessorChecker [main] Bean 'objectPostProcessor' of type [org.springframework.security.config.annotation.configuration.AutowireBeanFactoryObjectPostProcessor] is not eligible for getting processed by all BeanPostProcessors (for example: not eligible for auto-proxying)
2020-05-05 07:28:08,244 INFO org.springframework.context.support.PostProcessorRegistrationDelegate$BeanPostProcessorChecker [main] Bean 'org.springframework.security.access.expression.method.DefaultMethodSecurityExpressionHandler@24d8f87a' of type [org.springframework.security.access.expression.method.DefaultMethodSecurityExpressionHandler] is not eligible for getting processed by all BeanPostProcessors (for example: not eligible for auto-proxying)
2020-05-05 07:28:08,304 INFO org.springframework.context.support.PostProcessorRegistrationDelegate$BeanPostProcessorChecker [main] Bean 'org.springframework.security.config.annotation.method.configuration.GlobalMethodSecurityConfiguration' of type [org.springframework.security.config.annotation.method.configuration.GlobalMethodSecurityConfiguration] is not eligible for getting processed by all BeanPostProcessors (for example: not eligible for auto-proxying)
2020-05-05 07:28:08,370 INFO org.springframework.context.support.PostProcessorRegistrationDelegate$BeanPostProcessorChecker [main] Bean 'methodSecurityMetadataSource' of type [org.springframework.security.access.method.DelegatingMethodSecurityMetadataSource] is not eligible for getting processed by all BeanPostProcessors (for example: not eligible for auto-proxying)
2020-05-05 07:28:09,566 INFO org.hibernate.jpa.internal.util.LogHelper [main] HHH000204: Processing PersistenceUnitInfo [name: default]
2020-05-05 07:28:09,902 INFO org.hibernate.Version [main] HHH000412: Hibernate ORM core version 5.4.12.Final
2020-05-05 07:28:10,512 INFO org.hibernate.annotations.common.reflection.java.JavaReflectionManager [main] HCANN000001: Hibernate Commons Annotations {5.1.0.Final}
2020-05-05 07:28:12,195 INFO com.zaxxer.hikari.HikariDataSource [main] HikariPool-1 - Starting...
2020-05-05 07:28:12,848 INFO com.zaxxer.hikari.HikariDataSource [main] HikariPool-1 - Start completed.
2020-05-05 07:28:12,944 INFO org.hibernate.dialect.Dialect [main] HHH000400: Using dialect: org.hibernate.dialect.MySQL5InnoDBDialect
2020-05-05 07:28:19,910 INFO org.hibernate.engine.transaction.jta.platform.internal.JtaPlatformInitiator [main] HHH000490: Using JtaPlatform implementation: [org.hibernate.engine.transaction.jta.platform.internal.NoJtaPlatform]
2020-05-05 07:28:19,940 INFO org.springframework.orm.jpa.AbstractEntityManagerFactoryBean [main] Initialized JPA EntityManagerFactory for persistence unit 'default'
2020-05-05 07:28:24,156 WARN org.springframework.boot.autoconfigure.orm.jpa.JpaBaseConfiguration$JpaWebConfiguration [main] spring.jpa.open-in-view is enabled by default. Therefore, database queries may be performed during view rendering. Explicitly configure spring.jpa.open-in-view to disable this warning
2020-05-05 07:28:28,056 INFO org.springframework.boot.actuate.endpoint.web.EndpointLinksResolver [main] Exposing 2 endpoint(s) beneath base path '/actuator'
2020-05-05 07:28:29,254 INFO springfox.documentation.spring.web.PropertySourcedRequestMappingHandlerMapping [main] Mapped URL path [/v2/api-docs] onto method [springfox.documentation.swagger2.web.Swagger2Controller#getDocumentation(String, HttpServletRequest)]
2020-05-05 07:28:30,541 INFO org.springframework.security.web.DefaultSecurityFilterChain [main] Creating filter chain: any request, [org.springframework.security.web.context.request.async.WebAsyncManagerIntegrationFilter@6dabad5c, org.springframework.security.web.context.SecurityContextPersistenceFilter@650929dc, org.springframework.security.web.header.HeaderWriterFilter@73ae084e, org.springframework.security.web.authentication.logout.LogoutFilter@3d306fd5, com.bytmasoft.um.security.JwtRequestFilter@5e609b42, org.springframework.security.web.savedrequest.RequestCacheAwareFilter@69780093, org.springframework.security.web.servletapi.SecurityContextHolderAwareRequestFilter@19dc9dda, org.springframework.security.web.authentication.AnonymousAuthenticationFilter@1bfa398e, org.springframework.security.web.session.SessionManagementFilter@97e9568, org.springframework.security.web.access.ExceptionTranslationFilter@21298c3a, org.springframework.security.web.access.intercept.FilterSecurityInterceptor@4f1a4d61]
2020-05-05 07:28:32,587 INFO org.springframework.scheduling.concurrent.ExecutorConfigurationSupport [main] Initializing ExecutorService 'applicationTaskExecutor'
2020-05-05 07:28:34,773 INFO springfox.documentation.spring.web.plugins.DocumentationPluginsBootstrapper [main] Context refreshed
2020-05-05 07:28:34,854 INFO springfox.documentation.spring.web.plugins.DocumentationPluginsBootstrapper [main] Found 1 custom documentation plugin(s)
2020-05-05 07:28:35,015 INFO springfox.documentation.spring.web.scanners.ApiListingReferenceScanner [main] Scanning for api listing references
2020-05-05 07:28:35,161 INFO org.springframework.boot.StartupInfoLogger [main] Started RoleServiceTest in 35.894 seconds (JVM running for 41.23)
2020-05-05 07:28:36,378 TRACE org.hibernate.type.descriptor.sql.BasicBinder [main] binding parameter [1] as [BIGINT] - [1]
2020-05-05 07:28:36,459 TRACE org.hibernate.type.descriptor.sql.BasicExtractor [main] extracted value ([created_2_14_0_] : [TIMESTAMP]) - [2020-05-04T23:48:25]
2020-05-05 07:28:36,464 TRACE org.hibernate.type.descriptor.sql.BasicExtractor [main] extracted value ([deletest3_14_0_] : [BOOLEAN]) - [false]
2020-05-05 07:28:36,468 TRACE org.hibernate.type.descriptor.sql.BasicExtractor [main] extracted value ([inserted4_14_0_] : [VARCHAR]) - [null]
2020-05-05 07:28:36,471 TRACE org.hibernate.type.descriptor.sql.BasicExtractor [main] extracted value ([inserted5_14_0_] : [VARCHAR]) - [usermanagement]
2020-05-05 07:28:36,474 TRACE org.hibernate.type.descriptor.sql.BasicExtractor [main] extracted value ([status6_14_0_] : [VARCHAR]) - [A]
2020-05-05 07:28:36,476 TRACE org.hibernate.type.descriptor.sql.BasicExtractor [main] extracted value ([updated_7_14_0_] : [VARCHAR]) - [null]
2020-05-05 07:28:36,478 TRACE org.hibernate.type.descriptor.sql.BasicExtractor [main] extracted value ([updated_8_14_0_] : [TIMESTAMP]) - [null]
2020-05-05 07:28:36,480 TRACE org.hibernate.type.descriptor.sql.BasicExtractor [main] extracted value ([updated_9_14_0_] : [VARCHAR]) - [null]
2020-05-05 07:28:36,482 TRACE org.hibernate.type.descriptor.sql.BasicExtractor [main] extracted value ([name10_14_0_] : [VARCHAR]) - [Read]
2020-05-05 07:28:36,662 INFO org.springframework.scheduling.concurrent.ExecutorConfigurationSupport [SpringContextShutdownHook] Shutting down ExecutorService 'applicationTaskExecutor'
2020-05-05 07:28:36,700 INFO org.springframework.orm.jpa.AbstractEntityManagerFactoryBean [SpringContextShutdownHook] Closing JPA EntityManagerFactory for persistence unit 'default'
2020-05-05 07:28:36,709 INFO com.zaxxer.hikari.HikariDataSource [SpringContextShutdownHook] HikariPool-1 - Shutdown initiated...
2020-05-05 07:28:36,751 INFO com.zaxxer.hikari.HikariDataSource [SpringContextShutdownHook] HikariPool-1 - Shutdown completed.
